Job started on lh0400.arc-ts.umich.edu at Fri Sep  5 15:01:19 EDT 2025
Found 338 H5AD files to check and standardize.
--- Processing fe4b89d5-461e-440c-a5a8-621b37b122c0.h5ad ---
  Indices already correct. No changes needed.
--- Processing 900fdf13-150d-4695-9f8c-4c09105ba2eb.h5ad ---
  Indices already correct. No changes needed.
--- Processing d582f63a-3c88-4e38-8cd3-8682dbe40f64.h5ad ---
  Indices already correct. No changes needed.
--- Processing 43b7e156-65b3-4a7b-8c7a-08528e4b21d0.h5ad ---
  Indices already correct. No changes needed.
--- Processing 0b75c598-0893-4216-afe8-5414cab7739d.h5ad ---
  Indices already correct. No changes needed.
--- Processing f8d8b443-bca6-4c3c-9042-669dfb7f8030.h5ad ---
  Indices already correct. No changes needed.
--- Processing b61a921b-7fa3-4b42-b455-aaaf32447920.h5ad ---
  Indices already correct. No changes needed.
--- Processing 85c60876-7f35-40c5-a256-7808d84c6ba5.h5ad ---
  Indices already correct. No changes needed.
--- Processing 62de80d7-e6c4-4ff0-ad4c-d3d36f57cb93.h5ad ---
  Indices already correct. No changes needed.
--- Processing 9ea52f85-a35e-4b5b-9207-e2f1de7dbbcd.h5ad ---
  Indices already correct. No changes needed.
--- Processing a12ccb9b-4fbe-457d-8590-ac78053259ef.h5ad ---
  Indices already correct. No changes needed.
--- Processing 8a554710-08bc-4005-87cd-da9675bdc2e7.h5ad ---
  Indices already correct. No changes needed.
--- Processing bab7432a-5cfe-45ea-928c-422d03c45cdd.h5ad ---
  Indices already correct. No changes needed.
--- Processing 52f18bc3-52d9-487b-bf8f-f0b7aa684b09.h5ad ---
  Indices already correct. No changes needed.
--- Processing b693123e-95e6-4331-8b50-f367489a767e.h5ad ---
  Indices already correct. No changes needed.
--- Processing 9813a1d4-d107-459e-9b2e-7687be935f69.h5ad ---
  Indices already correct. No changes needed.
--- Processing 1196334f-a441-474a-95ee-400780941690.h5ad ---
  Indices already correct. No changes needed.
--- Processing 42b6a476-c51d-4f8b-b68b-44941b3a11bf.h5ad ---
  Indices already correct. No changes needed.
--- Processing 3de0ad6d-4378-4f62-b37b-ec0b75a50d94.h5ad ---
  Indices already correct. No changes needed.
--- Processing 43245158-5ae1-4e71-a9a6-67eef49c26bc.h5ad ---
  Indices already correct. No changes needed.
--- Processing 92161459-9103-4379-ae34-73a38eee1d1d.h5ad ---
  Indices already correct. No changes needed.
--- Processing 1e6a6ef9-7ec9-4c90-bbfb-2ad3c3165fd1.h5ad ---
  Renaming obs index from 'None' to 'cell_id'
  Renaming var index from 'None' to 'var_id'
  Saving standardized file...
  ERROR processing file: Could not find dataset for raw X in file: /scratch/sigbio_project_root/sigbio_project25/jingqiao/mccell-singleseq/1e6a6ef9-7ec9-4c90-bbfb-2ad3c3165fd1.h5ad.
--- Processing 64767efb-49b0-4562-a1bd-e619a5d9db41.h5ad ---
  Indices already correct. No changes needed.
--- Processing 9fcb0b73-c734-40a5-be9c-ace7eea401c9.h5ad ---
  Renaming obs index from 'None' to 'cell_id'
  Renaming var index from 'None' to 'var_id'
  Saving standardized file...
  ERROR processing file: Could not find dataset for raw X in file: /scratch/sigbio_project_root/sigbio_project25/jingqiao/mccell-singleseq/9fcb0b73-c734-40a5-be9c-ace7eea401c9.h5ad.
--- Processing 70e4f35b-c98c-45a1-9aa9-2053b07315dd.h5ad ---
  Indices already correct. No changes needed.
--- Processing 77044335-0ac5-4406-9b3f-8cdd3656d67b.h5ad ---
  Indices already correct. No changes needed.
--- Processing cff99df2-4904-44f7-9173-ff837f95606e.h5ad ---
  Renaming obs index from 'None' to 'cell_id'
  Renaming var index from 'ENSEMBLE GENE' to 'var_id'
  Saving standardized file...
  ERROR processing file: Could not find dataset for raw X in file: /scratch/sigbio_project_root/sigbio_project25/jingqiao/mccell-singleseq/cff99df2-4904-44f7-9173-ff837f95606e.h5ad.
--- Processing 9ec34295-ab16-47e2-af33-b884143e520b.h5ad ---
  Renaming obs index from 'CellID' to 'cell_id'
  Renaming var index from 'None' to 'var_id'
  Saving standardized file...
  Done.
--- Processing de2c780c-1747-40bd-9ccf-9588ec186cee.h5ad ---
  Renaming obs index from 'cellId' to 'cell_id'
  Renaming var index from 'None' to 'var_id'
  Saving standardized file...
  Done.
--- Processing 0bc7235a-ae5a-479d-a487-510435377e55.h5ad ---
  Renaming obs index from 'None' to 'cell_id'
  Renaming var index from 'None' to 'var_id'
  Saving standardized file...
  ERROR processing file: Could not find dataset for raw X in file: /scratch/sigbio_project_root/sigbio_project25/jingqiao/mccell-singleseq/0bc7235a-ae5a-479d-a487-510435377e55.h5ad.
--- Processing f5b0810c-1664-4a62-ad06-be1d9964aa8b.h5ad ---
  Renaming obs index from 'None' to 'cell_id'
  Renaming var index from 'None' to 'var_id'
  Saving standardized file...
  ERROR processing file: Could not find dataset for raw X in file: /scratch/sigbio_project_root/sigbio_project25/jingqiao/mccell-singleseq/f5b0810c-1664-4a62-ad06-be1d9964aa8b.h5ad.
--- Processing 492d9f77-c4c8-485d-92d7-7686fe6c8482.h5ad ---
  Renaming obs index from 'index' to 'cell_id'
  Renaming var index from 'None' to 'var_id'
  Saving standardized file...
  ERROR processing file: Could not find dataset for raw X in file: /scratch/sigbio_project_root/sigbio_project25/jingqiao/mccell-singleseq/492d9f77-c4c8-485d-92d7-7686fe6c8482.h5ad.
--- Processing df1edb87-e512-43ae-b5f4-cb179cfc2bb4.h5ad ---
  Renaming obs index from 'None' to 'cell_id'
  Renaming var index from 'None' to 'var_id'
  Saving standardized file...
  ERROR processing file: Could not find dataset for raw X in file: /scratch/sigbio_project_root/sigbio_project25/jingqiao/mccell-singleseq/df1edb87-e512-43ae-b5f4-cb179cfc2bb4.h5ad.
--- Processing d41f45c1-1b7b-4573-a998-ac5c5acb1647.h5ad ---
  Renaming obs index from 'None' to 'cell_id'
  Renaming var index from 'None' to 'var_id'
  Saving standardized file...
  ERROR processing file: Could not find dataset for raw X in file: /scratch/sigbio_project_root/sigbio_project25/jingqiao/mccell-singleseq/d41f45c1-1b7b-4573-a998-ac5c5acb1647.h5ad.
--- Processing a84face4-eb30-4f43-994f-c6a13a097808.h5ad ---
  Renaming obs index from 'CellID' to 'cell_id'
  Renaming var index from 'None' to 'var_id'
  Saving standardized file...
  Done.
--- Processing 7b316f62-7fa0-4b95-bac9-e90866038a85.h5ad ---
  Renaming obs index from 'CellID' to 'cell_id'
  Renaming var index from 'None' to 'var_id'
  Saving standardized file...
  Done.
--- Processing ab326369-b63c-48d8-8a7f-82ffa0df7002.h5ad ---
  Renaming obs index from 'None' to 'cell_id'
  Renaming var index from 'None' to 'var_id'
  Saving standardized file...
  ERROR processing file: Could not find dataset for raw X in file: /scratch/sigbio_project_root/sigbio_project25/jingqiao/mccell-singleseq/ab326369-b63c-48d8-8a7f-82ffa0df7002.h5ad.
--- Processing 601c7454-17ff-432c-8e0d-902bfddb8013.h5ad ---
  Renaming obs index from 'None' to 'cell_id'
  Renaming var index from 'None' to 'var_id'
  Saving standardized file...
  ERROR processing file: Could not find dataset for raw X in file: /scratch/sigbio_project_root/sigbio_project25/jingqiao/mccell-singleseq/601c7454-17ff-432c-8e0d-902bfddb8013.h5ad.
--- Processing 095940cb-7422-4510-96e2-cbafd961eb88.h5ad ---
  Renaming obs index from 'CellID' to 'cell_id'
  Renaming var index from 'None' to 'var_id'
  Saving standardized file...
  Done.
--- Processing 9ddea8d9-cc4c-420a-90f6-880996f808d4.h5ad ---
  Renaming obs index from 'None' to 'cell_id'
  Renaming var index from 'None' to 'var_id'
  Saving standardized file...
  ERROR processing file: Could not find dataset for raw X in file: /scratch/sigbio_project_root/sigbio_project25/jingqiao/mccell-singleseq/9ddea8d9-cc4c-420a-90f6-880996f808d4.h5ad.
--- Processing 949ec7fc-ac54-47c9-bb6f-ee9e67688cce.h5ad ---
  Renaming obs index from 'CellID' to 'cell_id'
  Renaming var index from 'None' to 'var_id'
  Saving standardized file...
  Done.
--- Processing 5cdbb2ea-c622-466d-9ead-7884ad8cb99f.h5ad ---
  Renaming obs index from 'None' to 'cell_id'
  Renaming var index from 'None' to 'var_id'
  Saving standardized file...
  ERROR processing file: Could not find dataset for raw X in file: /scratch/sigbio_project_root/sigbio_project25/jingqiao/mccell-singleseq/5cdbb2ea-c622-466d-9ead-7884ad8cb99f.h5ad.
--- Processing 87a06a2a-16c6-42f7-af1b-529fad431051.h5ad ---
  Renaming obs index from 'cell' to 'cell_id'
  Renaming var index from 'None' to 'var_id'
  Saving standardized file...
  ERROR processing file: Could not find dataset for raw X in file: /scratch/sigbio_project_root/sigbio_project25/jingqiao/mccell-singleseq/87a06a2a-16c6-42f7-af1b-529fad431051.h5ad.
--- Processing 93cb76aa-a84b-4a92-8e6c-66a914e26d4c.h5ad ---
  Renaming obs index from 'None' to 'cell_id'
  Renaming var index from 'None' to 'var_id'
  Saving standardized file...
  ERROR processing file: Could not find dataset for raw X in file: /scratch/sigbio_project_root/sigbio_project25/jingqiao/mccell-singleseq/93cb76aa-a84b-4a92-8e6c-66a914e26d4c.h5ad.
--- Processing acae7679-d077-461c-b857-ee6ccfeb267f.h5ad ---
  Renaming obs index from 'CellID' to 'cell_id'
  Renaming var index from 'None' to 'var_id'
  Saving standardized file...
  Done.
--- Processing c4dd26a8-d956-4bee-a233-44b573f2ce27.h5ad ---
  Renaming obs index from 'CellID' to 'cell_id'
  Renaming var index from 'None' to 'var_id'
  Saving standardized file...
  Done.
--- Processing b62f728b-a7eb-4889-8162-b3d457de93b9.h5ad ---
  Renaming obs index from 'Unnamed: 0' to 'cell_id'
  Renaming var index from 'Ensembl ID' to 'var_id'
  Saving standardized file...
  ERROR processing file: Could not find dataset for raw X in file: /scratch/sigbio_project_root/sigbio_project25/jingqiao/mccell-singleseq/b62f728b-a7eb-4889-8162-b3d457de93b9.h5ad.
--- Processing 29244e1d-02e6-4133-b411-516ef7474638.h5ad ---
  Renaming obs index from 'None' to 'cell_id'
  Renaming var index from 'None' to 'var_id'
  Saving standardized file...
  Done.
--- Processing 576f193c-75d0-4a11-bd25-8676587e6dc2.h5ad ---
  Renaming obs index from 'Cell' to 'cell_id'
  Renaming var index from 'None' to 'var_id'
  Saving standardized file...
  ERROR processing file: Could not find dataset for raw X in file: /scratch/sigbio_project_root/sigbio_project25/jingqiao/mccell-singleseq/576f193c-75d0-4a11-bd25-8676587e6dc2.h5ad.
--- Processing 1c739a3e-c3f5-49d5-98e0-73975e751201.h5ad ---
  Renaming obs index from 'None' to 'cell_id'
  Renaming var index from 'None' to 'var_id'
  Saving standardized file...
  ERROR processing file: Could not find dataset for raw X in file: /scratch/sigbio_project_root/sigbio_project25/jingqiao/mccell-singleseq/1c739a3e-c3f5-49d5-98e0-73975e751201.h5ad.
--- Processing 2f05ab20-a092-4bab-9276-3e0eb24e3fee.h5ad ---
  Renaming obs index from 'None' to 'cell_id'
  Renaming var index from 'None' to 'var_id'
  Saving standardized file...
  ERROR processing file: Could not find dataset for raw X in file: /scratch/sigbio_project_root/sigbio_project25/jingqiao/mccell-singleseq/2f05ab20-a092-4bab-9276-3e0eb24e3fee.h5ad.
--- Processing 56c4912d-2bae-4b64-98f2-af8a84389208.h5ad ---
  Renaming obs index from 'None' to 'cell_id'
  Renaming var index from 'None' to 'var_id'
  Saving standardized file...
  ERROR processing file: Could not find dataset for raw X in file: /scratch/sigbio_project_root/sigbio_project25/jingqiao/mccell-singleseq/56c4912d-2bae-4b64-98f2-af8a84389208.h5ad.
--- Processing 1fc48734-35ee-4372-885c-95fd2674c75a.h5ad ---
  Renaming obs index from 'exp_component_name' to 'cell_id'
  Renaming var index from 'None' to 'var_id'
  Saving standardized file...
  ERROR processing file: Could not find dataset for raw X in file: /scratch/sigbio_project_root/sigbio_project25/jingqiao/mccell-singleseq/1fc48734-35ee-4372-885c-95fd2674c75a.h5ad.
--- Processing 8d1dd010-5cbc-43fb-83f8-e0de8e8517da.h5ad ---
  Renaming obs index from 'None' to 'cell_id'
  Renaming var index from 'None' to 'var_id'
  Saving standardized file...
  ERROR processing file: Could not find dataset for raw X in file: /scratch/sigbio_project_root/sigbio_project25/jingqiao/mccell-singleseq/8d1dd010-5cbc-43fb-83f8-e0de8e8517da.h5ad.
--- Processing a4157949-6f2a-40e2-b960-63f6e2bde918.h5ad ---
  Renaming obs index from 'None' to 'cell_id'
  Renaming var index from 'None' to 'var_id'
  Saving standardized file...
  ERROR processing file: Could not find dataset for raw X in file: /scratch/sigbio_project_root/sigbio_project25/jingqiao/mccell-singleseq/a4157949-6f2a-40e2-b960-63f6e2bde918.h5ad.
--- Processing a59ba9fa-1407-4f15-8c56-d3637421570d.h5ad ---
  Renaming obs index from 'CellID' to 'cell_id'
  Renaming var index from 'None' to 'var_id'
  Saving standardized file...
  Done.
--- Processing ea95cdd5-cf7e-4d5d-a0bd-032776d32ae5.h5ad ---
  Renaming obs index from 'exp_component_name' to 'cell_id'
  Renaming var index from 'None' to 'var_id'
  Saving standardized file...
  ERROR processing file: Could not find dataset for raw X in file: /scratch/sigbio_project_root/sigbio_project25/jingqiao/mccell-singleseq/ea95cdd5-cf7e-4d5d-a0bd-032776d32ae5.h5ad.
--- Processing 74cff64f-9da9-4b2a-9b3b-8a04a1598040.h5ad ---
  Renaming obs index from 'barcode_sample' to 'cell_id'
  Renaming var index from 'None' to 'var_id'
  Saving standardized file...
  ERROR processing file: Could not find dataset for raw X in file: /scratch/sigbio_project_root/sigbio_project25/jingqiao/mccell-singleseq/74cff64f-9da9-4b2a-9b3b-8a04a1598040.h5ad.
--- Processing 470565f2-5afc-456a-b617-18e4496c04fd.h5ad ---
  Renaming obs index from 'CellID' to 'cell_id'
  Renaming var index from 'None' to 'var_id'
  Saving standardized file...
  Done.
--- Processing af8b241a-c72c-4470-b1a4-80e7336c6ab6.h5ad ---
  Renaming obs index from 'index' to 'cell_id'
  Renaming var index from 'None' to 'var_id'
  Saving standardized file...
  ERROR processing file: Could not find dataset for raw X in file: /scratch/sigbio_project_root/sigbio_project25/jingqiao/mccell-singleseq/af8b241a-c72c-4470-b1a4-80e7336c6ab6.h5ad.
--- Processing 5e717147-0f75-4de1-8bd2-6fda01b8d75f.h5ad ---
  Renaming obs index from 'index' to 'cell_id'
  Renaming var index from 'None' to 'var_id'
  Saving standardized file...
  ERROR processing file: Could not find dataset for raw X in file: /scratch/sigbio_project_root/sigbio_project25/jingqiao/mccell-singleseq/5e717147-0f75-4de1-8bd2-6fda01b8d75f.h5ad.
--- Processing 9fddb063-056d-4202-8b8a-4b0ee531d3ce.h5ad ---
  Renaming obs index from 'index' to 'cell_id'
  Renaming var index from 'None' to 'var_id'
  Saving standardized file...
  ERROR processing file: Could not find dataset for raw X in file: /scratch/sigbio_project_root/sigbio_project25/jingqiao/mccell-singleseq/9fddb063-056d-4202-8b8a-4b0ee531d3ce.h5ad.
--- Processing c7856243-c59a-4b70-8ce7-25b94c2d9da1.h5ad ---
  Renaming obs index from 'CellID' to 'cell_id'
  Renaming var index from 'None' to 'var_id'
  Saving standardized file...
  Done.
--- Processing 716a4acc-919e-4326-9672-ebe06ede84e6.h5ad ---
  Renaming obs index from 'None' to 'cell_id'
  Renaming var index from 'None' to 'var_id'
  Saving standardized file...
  ERROR processing file: Could not find dataset for raw X in file: /scratch/sigbio_project_root/sigbio_project25/jingqiao/mccell-singleseq/716a4acc-919e-4326-9672-ebe06ede84e6.h5ad.
--- Processing cd2f23c1-aef1-48ae-8eb4-0bcf124e567d.h5ad ---
  Renaming obs index from 'None' to 'cell_id'
  Renaming var index from 'None' to 'var_id'
  Saving standardized file...
  ERROR processing file: Could not find dataset for raw X in file: /scratch/sigbio_project_root/sigbio_project25/jingqiao/mccell-singleseq/cd2f23c1-aef1-48ae-8eb4-0bcf124e567d.h5ad.
--- Processing 98f5d518-1e60-4307-b732-ab045cd3cbc2.h5ad ---
  Renaming obs index from 'barcode' to 'cell_id'
  Renaming var index from 'None' to 'var_id'
  Saving standardized file...
  ERROR processing file: Could not find dataset for raw X in file: /scratch/sigbio_project_root/sigbio_project25/jingqiao/mccell-singleseq/98f5d518-1e60-4307-b732-ab045cd3cbc2.h5ad.
--- Processing 343ff97c-85df-494b-8400-beb937618611.h5ad ---
  Renaming obs index from 'None' to 'cell_id'
  Renaming var index from 'None' to 'var_id'
  Saving standardized file...
  ERROR processing file: Could not find dataset for raw X in file: /scratch/sigbio_project_root/sigbio_project25/jingqiao/mccell-singleseq/343ff97c-85df-494b-8400-beb937618611.h5ad.
--- Processing 37b21763-7f0f-41ae-9001-60bad6e2841d.h5ad ---
  Renaming obs index from 'None' to 'cell_id'
  Renaming var index from 'None' to 'var_id'
  Saving standardized file...
  ERROR processing file: Could not find dataset for raw X in file: /scratch/sigbio_project_root/sigbio_project25/jingqiao/mccell-singleseq/37b21763-7f0f-41ae-9001-60bad6e2841d.h5ad.
--- Processing 0ee5ae70-c3f5-473f-bd1c-287f4690ffc5.h5ad ---
  Renaming obs index from 'CellID' to 'cell_id'
  Renaming var index from 'None' to 'var_id'
  Saving standardized file...
  Done.
--- Processing bac09168-940b-4b11-8d55-b4955f80b98d.h5ad ---
  Renaming obs index from 'CellID' to 'cell_id'
  Renaming var index from 'None' to 'var_id'
  Saving standardized file...
  Done.
--- Processing adda0684-f8ea-4403-b393-2a25607077c4.h5ad ---
  Renaming obs index from 'CellID' to 'cell_id'
  Renaming var index from 'None' to 'var_id'
  Saving standardized file...
  Done.
--- Processing ef1a4b05-540c-4f73-8ceb-49dfa800645d.h5ad ---
  Renaming obs index from 'None' to 'cell_id'
  Renaming var index from 'gene_ids' to 'var_id'
  Saving standardized file...
  ERROR processing file: Could not find dataset for raw X in file: /scratch/sigbio_project_root/sigbio_project25/jingqiao/mccell-singleseq/ef1a4b05-540c-4f73-8ceb-49dfa800645d.h5ad.
--- Processing e34f3f89-3a48-4173-a06a-9e9803f2e2b9.h5ad ---
  Renaming obs index from 'exp_component_name' to 'cell_id'
  Renaming var index from 'None' to 'var_id'
  Saving standardized file...
  ERROR processing file: Could not find dataset for raw X in file: /scratch/sigbio_project_root/sigbio_project25/jingqiao/mccell-singleseq/e34f3f89-3a48-4173-a06a-9e9803f2e2b9.h5ad.
--- Processing 40318d39-3d8f-49f4-8455-a2e1365c5c5b.h5ad ---
  Renaming obs index from 'CellID' to 'cell_id'
  Renaming var index from 'None' to 'var_id'
  Saving standardized file...
  Done.
--- Processing 0129dbd9-a7d3-4f6b-96b9-1da155a93748.h5ad ---
  Renaming obs index from 'None' to 'cell_id'
  Renaming var index from 'None' to 'var_id'
  Saving standardized file...
  ERROR processing file: Could not find dataset for raw X in file: /scratch/sigbio_project_root/sigbio_project25/jingqiao/mccell-singleseq/0129dbd9-a7d3-4f6b-96b9-1da155a93748.h5ad.
--- Processing 251b1a7e-d050-4486-8d50-4c2619eb0f46.h5ad ---
  Renaming obs index from 'index' to 'cell_id'
  Renaming var index from 'None' to 'var_id'
  Saving standardized file...
  Done.
--- Processing f502c312-05dc-4fd4-a762-92a63e92b539.h5ad ---
  Renaming obs index from 'CellID' to 'cell_id'
  Renaming var index from 'None' to 'var_id'
  Saving standardized file...
  Done.
--- Processing 79ef1959-a6b4-4cac-82ca-30feaec48df1.h5ad ---
  Renaming obs index from 'index' to 'cell_id'
  Renaming var index from 'None' to 'var_id'
  Saving standardized file...
  ERROR processing file: Could not find dataset for raw X in file: /scratch/sigbio_project_root/sigbio_project25/jingqiao/mccell-singleseq/79ef1959-a6b4-4cac-82ca-30feaec48df1.h5ad.
--- Processing e6dad530-418b-47f9-af6e-472e56a7b314.h5ad ---
  Renaming obs index from 'None' to 'cell_id'
  Renaming var index from 'None' to 'var_id'
  Saving standardized file...
  ERROR processing file: Could not find dataset for raw X in file: /scratch/sigbio_project_root/sigbio_project25/jingqiao/mccell-singleseq/e6dad530-418b-47f9-af6e-472e56a7b314.h5ad.
--- Processing 2e9d2f32-4cfb-49b5-b990-cbf4c241214e.h5ad ---
  Renaming obs index from 'None' to 'cell_id'
  Renaming var index from 'None' to 'var_id'
  Saving standardized file...
  ERROR processing file: Could not find dataset for raw X in file: /scratch/sigbio_project_root/sigbio_project25/jingqiao/mccell-singleseq/2e9d2f32-4cfb-49b5-b990-cbf4c241214e.h5ad.
--- Processing b6ee0939-b5b9-4e03-9d69-96fb6bf5d434.h5ad ---
  Renaming obs index from 'None' to 'cell_id'
  Renaming var index from 'None' to 'var_id'
  Saving standardized file...
  ERROR processing file: Could not find dataset for raw X in file: /scratch/sigbio_project_root/sigbio_project25/jingqiao/mccell-singleseq/b6ee0939-b5b9-4e03-9d69-96fb6bf5d434.h5ad.
--- Processing f20f44ef-a0d4-4d94-87de-037fd47141f0.h5ad ---
  Renaming obs index from 'CellID' to 'cell_id'
  Renaming var index from 'None' to 'var_id'
  Saving standardized file...
  Done.
--- Processing 3079e9b0-c6db-45c8-b998-a4555a73968e.h5ad ---
  Renaming obs index from 'exp_component_name' to 'cell_id'
  Renaming var index from 'None' to 'var_id'
  Saving standardized file...
  ERROR processing file: Could not find dataset for raw X in file: /scratch/sigbio_project_root/sigbio_project25/jingqiao/mccell-singleseq/3079e9b0-c6db-45c8-b998-a4555a73968e.h5ad.
--- Processing 9f499d32-400d-4c42-ac9a-fb1481844fee.h5ad ---
  Renaming obs index from 'CellID' to 'cell_id'
  Renaming var index from 'None' to 'var_id'
  Saving standardized file...
  Done.
--- Processing d6a5b240-cc8f-45c1-ad36-2fc291e15e8e.h5ad ---
  Renaming obs index from 'CellID' to 'cell_id'
  Renaming var index from 'None' to 'var_id'
  Saving standardized file...
  Done.
--- Processing d2b5efc1-14c6-4b5f-bd98-40f9084872d7.h5ad ---
  Renaming obs index from 'CellID' to 'cell_id'
  Renaming var index from 'None' to 'var_id'
  Saving standardized file...
  Done.
--- Processing 381aa407-317a-40ef-8048-7ce0eacc4266.h5ad ---
  Renaming obs index from 'CellID' to 'cell_id'
  Renaming var index from 'None' to 'var_id'
  Saving standardized file...
  Done.
--- Processing be401db3-d732-408a-b0c4-71af0458b8ab.h5ad ---
  Renaming obs index from 'None' to 'cell_id'
  Renaming var index from 'None' to 'var_id'
  Saving standardized file...
  ERROR processing file: Could not find dataset for raw X in file: /scratch/sigbio_project_root/sigbio_project25/jingqiao/mccell-singleseq/be401db3-d732-408a-b0c4-71af0458b8ab.h5ad.
--- Processing a20e2f2a-e171-450a-8ddc-8935c2977ad6.h5ad ---
  Renaming obs index from 'None' to 'cell_id'
  Renaming var index from 'gene_id' to 'var_id'
  Saving standardized file...
  ERROR processing file: Could not find dataset for raw X in file: /scratch/sigbio_project_root/sigbio_project25/jingqiao/mccell-singleseq/a20e2f2a-e171-450a-8ddc-8935c2977ad6.h5ad.
--- Processing 090da8ea-46e8-40df-bffc-1f78e1538d27.h5ad ---
  Renaming obs index from 'CellID' to 'cell_id'
  Renaming var index from 'None' to 'var_id'
  Saving standardized file...
  Done.
--- Processing 64f4ad90-a422-400a-944d-4ce0f39594a7.h5ad ---
  Renaming obs index from 'CellID' to 'cell_id'
  Renaming var index from 'None' to 'var_id'
  Saving standardized file...
  Done.
--- Processing f5be9ed2-5d41-4a52-91e4-4ff24ff84900.h5ad ---
  Renaming obs index from 'None' to 'cell_id'
  Renaming var index from 'None' to 'var_id'
  Saving standardized file...
  ERROR processing file: Could not find dataset for raw X in file: /scratch/sigbio_project_root/sigbio_project25/jingqiao/mccell-singleseq/f5be9ed2-5d41-4a52-91e4-4ff24ff84900.h5ad.
--- Processing ed33c203-233a-476a-a56b-28da945fdd32.h5ad ---
  Renaming obs index from 'CellID' to 'cell_id'
  Renaming var index from 'None' to 'var_id'
  Saving standardized file...
  Done.
--- Processing bc7260e0-54cf-4b0b-823d-93f5b850f757.h5ad ---
  Renaming obs index from 'None' to 'cell_id'
  Renaming var index from 'None' to 'var_id'
  Saving standardized file...
  ERROR processing file: Could not find dataset for raw X in file: /scratch/sigbio_project_root/sigbio_project25/jingqiao/mccell-singleseq/bc7260e0-54cf-4b0b-823d-93f5b850f757.h5ad.
--- Processing b8681124-aabf-4904-b9c9-66d834bf5bba.h5ad ---
  Renaming obs index from 'CellID' to 'cell_id'
  Renaming var index from 'None' to 'var_id'
  Saving standardized file...
  Done.
--- Processing 7f08cbcc-5790-4576-8478-10e9a999b316.h5ad ---
  Renaming obs index from 'None' to 'cell_id'
  Renaming var index from 'None' to 'var_id'
  Saving standardized file...
  ERROR processing file: Could not find dataset for raw X in file: /scratch/sigbio_project_root/sigbio_project25/jingqiao/mccell-singleseq/7f08cbcc-5790-4576-8478-10e9a999b316.h5ad.
--- Processing 19b21f40-db42-4a71-a0d6-913e83b17784.h5ad ---
  Renaming obs index from 'CellID' to 'cell_id'
  Renaming var index from 'None' to 'var_id'
  Saving standardized file...
  Done.
--- Processing b6b5ea88-e092-46e4-b9c5-e93b52d5c195.h5ad ---
  Renaming obs index from 'None' to 'cell_id'
  Renaming var index from 'ensembl_id' to 'var_id'
  Saving standardized file...
  ERROR processing file: Could not find dataset for raw X in file: /scratch/sigbio_project_root/sigbio_project25/jingqiao/mccell-singleseq/b6b5ea88-e092-46e4-b9c5-e93b52d5c195.h5ad.
--- Processing 7bb64315-9e5a-41b9-9235-59acf9642a3e.h5ad ---
  Renaming obs index from 'None' to 'cell_id'
  Renaming var index from 'None' to 'var_id'
  Saving standardized file...
  ERROR processing file: Could not find dataset for raw X in file: /scratch/sigbio_project_root/sigbio_project25/jingqiao/mccell-singleseq/7bb64315-9e5a-41b9-9235-59acf9642a3e.h5ad.
--- Processing d2514440-d747-4d8d-b2c7-b58ef8b71fbe.h5ad ---
  Renaming obs index from 'CellID' to 'cell_id'
  Renaming var index from 'None' to 'var_id'
  Saving standardized file...
  Done.
--- Processing 6725ee8e-ef5b-4e68-8901-61bd14a1fe73.h5ad ---
  Renaming obs index from 'None' to 'cell_id'
  Renaming var index from 'None' to 'var_id'
  Saving standardized file...
  ERROR processing file: Could not find dataset for raw X in file: /scratch/sigbio_project_root/sigbio_project25/jingqiao/mccell-singleseq/6725ee8e-ef5b-4e68-8901-61bd14a1fe73.h5ad.
--- Processing 34f5307e-7b4d-4a48-b68f-2ba844c6414b.h5ad ---
  Renaming obs index from 'cellid' to 'cell_id'
  Renaming var index from 'None' to 'var_id'
  Saving standardized file...
  ERROR processing file: Could not find dataset for raw X in file: /scratch/sigbio_project_root/sigbio_project25/jingqiao/mccell-singleseq/34f5307e-7b4d-4a48-b68f-2ba844c6414b.h5ad.
--- Processing e6361237-ac4e-4c5d-ad8f-f16aca0c0a8f.h5ad ---
  Renaming obs index from 'None' to 'cell_id'
  Renaming var index from 'None' to 'var_id'
  Saving standardized file...
  ERROR processing file: Could not find dataset for raw X in file: /scratch/sigbio_project_root/sigbio_project25/jingqiao/mccell-singleseq/e6361237-ac4e-4c5d-ad8f-f16aca0c0a8f.h5ad.
--- Processing 1185a7d3-a9c1-4280-9ba5-d61895b15cac.h5ad ---
  Renaming obs index from 'CellID' to 'cell_id'
  Renaming var index from 'None' to 'var_id'
  Saving standardized file...
  Done.
--- Processing 1cf24082-59de-4029-ac81-6e398768af3a.h5ad ---
  Renaming obs index from 'CellID' to 'cell_id'
  Renaming var index from 'None' to 'var_id'
  Saving standardized file...
  Done.
--- Processing 77c1c785-809f-4065-8c54-6a0170783256.h5ad ---
  Renaming obs index from 'CellID' to 'cell_id'
  Renaming var index from 'None' to 'var_id'
  Saving standardized file...
  Done.
--- Processing f156606a-dd9a-49fd-bc40-0e069b6cf07c.h5ad ---
  Renaming obs index from 'index' to 'cell_id'
  Renaming var index from 'None' to 'var_id'
  Saving standardized file...
  ERROR processing file: Could not find dataset for raw X in file: /scratch/sigbio_project_root/sigbio_project25/jingqiao/mccell-singleseq/f156606a-dd9a-49fd-bc40-0e069b6cf07c.h5ad.
--- Processing a5b5d1f3-dd8b-44f6-a685-15f0f741c062.h5ad ---
  Renaming obs index from 'CellID' to 'cell_id'
  Renaming var index from 'None' to 'var_id'
  Saving standardized file...
  Done.
--- Processing 2f6a20f1-173d-4b8d-860b-c47ffea120fa.h5ad ---
  Renaming obs index from 'None' to 'cell_id'
  Renaming var index from 'None' to 'var_id'
  Saving standardized file...
  ERROR processing file: Could not find dataset for raw X in file: /scratch/sigbio_project_root/sigbio_project25/jingqiao/mccell-singleseq/2f6a20f1-173d-4b8d-860b-c47ffea120fa.h5ad.
--- Processing 0f4865d5-8000-4f68-8ac7-f5efea9e5e70.h5ad ---
  Renaming var index from 'None' to 'var_id'
  Saving standardized file...
  ERROR processing file: Could not find dataset for raw X in file: /scratch/sigbio_project_root/sigbio_project25/jingqiao/mccell-singleseq/0f4865d5-8000-4f68-8ac7-f5efea9e5e70.h5ad.
--- Processing 1b767f95-d0a0-4a3d-b394-cc665d86c3dc.h5ad ---
  Renaming obs index from 'CellID' to 'cell_id'
  Renaming var index from 'None' to 'var_id'
  Saving standardized file...
  Done.
--- Processing 55ca4411-8c7d-4aef-a572-50852e030c05.h5ad ---
  Renaming obs index from 'index' to 'cell_id'
  Renaming var index from 'None' to 'var_id'
  Saving standardized file...
  ERROR processing file: Could not find dataset for raw X in file: /scratch/sigbio_project_root/sigbio_project25/jingqiao/mccell-singleseq/55ca4411-8c7d-4aef-a572-50852e030c05.h5ad.
--- Processing 74014ef8-d2d0-4cbc-8ba2-037f30753ffd.h5ad ---
  Renaming obs index from 'None' to 'cell_id'
  Renaming var index from 'gene_id' to 'var_id'
  Saving standardized file...
  ERROR processing file: Could not find dataset for raw X in file: /scratch/sigbio_project_root/sigbio_project25/jingqiao/mccell-singleseq/74014ef8-d2d0-4cbc-8ba2-037f30753ffd.h5ad.
--- Processing 0087cde2-967d-4f7c-8e6e-40e4c9ad1891.h5ad ---
  Renaming obs index from 'exp_component_name' to 'cell_id'
  Renaming var index from 'None' to 'var_id'
  Saving standardized file...
  ERROR processing file: Could not find dataset for raw X in file: /scratch/sigbio_project_root/sigbio_project25/jingqiao/mccell-singleseq/0087cde2-967d-4f7c-8e6e-40e4c9ad1891.h5ad.
--- Processing 0b4a15a7-4e9e-4555-9733-2423e5c66469.h5ad ---
  Renaming obs index from 'None' to 'cell_id'
  Renaming var index from 'None' to 'var_id'
  Saving standardized file...
  ERROR processing file: Could not find dataset for raw X in file: /scratch/sigbio_project_root/sigbio_project25/jingqiao/mccell-singleseq/0b4a15a7-4e9e-4555-9733-2423e5c66469.h5ad.
--- Processing f8dda921-5fb4-4c94-a654-c6fc346bfd6d.h5ad ---
  Renaming obs index from 'CellID' to 'cell_id'
  Renaming var index from 'None' to 'var_id'
  Saving standardized file...
  Done.
--- Processing 5a73f63f-18a2-49b5-b431-2c469c41a41b.h5ad ---
  Renaming obs index from 'CellID' to 'cell_id'
  Renaming var index from 'None' to 'var_id'
  Saving standardized file...
  Done.
--- Processing e5b1115b-a486-49bb-bda3-8261822836e0.h5ad ---
  Renaming obs index from 'CellID' to 'cell_id'
  Renaming var index from 'None' to 'var_id'
  Saving standardized file...
  Done.
--- Processing cf83c98a-3791-4537-bbde-a719f6d73c13.h5ad ---
  Renaming obs index from 'None' to 'cell_id'
  Renaming var index from 'None' to 'var_id'
  Saving standardized file...
  Done.
--- Processing 4d43082e-59cd-43ac-b77d-54d55519c881.h5ad ---
  Renaming obs index from 'CellID' to 'cell_id'
  Renaming var index from 'None' to 'var_id'
  Saving standardized file...
  Done.
--- Processing ea01c125-67a7-4bd3-a8b0-e1b53a011b7e.h5ad ---
  Renaming obs index from 'None' to 'cell_id'
  Renaming var index from 'None' to 'var_id'
  Saving standardized file...
  ERROR processing file: Could not find dataset for raw X in file: /scratch/sigbio_project_root/sigbio_project25/jingqiao/mccell-singleseq/ea01c125-67a7-4bd3-a8b0-e1b53a011b7e.h5ad.
--- Processing 27d91086-cfe3-4e33-9282-bd1246e5ce8e.h5ad ---
  Renaming obs index from 'CellID' to 'cell_id'
  Renaming var index from 'None' to 'var_id'
  Saving standardized file...
  Done.
--- Processing 390b376d-8857-4b4b-991f-0d7326938172.h5ad ---
  Renaming obs index from 'exp_component_name' to 'cell_id'
  Renaming var index from 'None' to 'var_id'
  Saving standardized file...
  ERROR processing file: Could not find dataset for raw X in file: /scratch/sigbio_project_root/sigbio_project25/jingqiao/mccell-singleseq/390b376d-8857-4b4b-991f-0d7326938172.h5ad.
--- Processing b252b015-b488-4d5c-b16e-968c13e48a2c.h5ad ---
  Renaming var index from 'None' to 'var_id'
  Saving standardized file...
  ERROR processing file: Could not find dataset for raw X in file: /scratch/sigbio_project_root/sigbio_project25/jingqiao/mccell-singleseq/b252b015-b488-4d5c-b16e-968c13e48a2c.h5ad.
--- Processing 90d4a63b-5c02-43eb-acde-c49345681601.h5ad ---
  Renaming obs index from 'None' to 'cell_id'
  Renaming var index from 'None' to 'var_id'
  Saving standardized file...
  ERROR processing file: Could not find dataset for raw X in file: /scratch/sigbio_project_root/sigbio_project25/jingqiao/mccell-singleseq/90d4a63b-5c02-43eb-acde-c49345681601.h5ad.
--- Processing f15e263b-6544-46cb-a46e-e33ab7ce8347.h5ad ---
  Renaming obs index from 'None' to 'cell_id'
  Renaming var index from 'None' to 'var_id'
  Saving standardized file...
  ERROR processing file: Could not find dataset for raw X in file: /scratch/sigbio_project_root/sigbio_project25/jingqiao/mccell-singleseq/f15e263b-6544-46cb-a46e-e33ab7ce8347.h5ad.
--- Processing 35c8a04c-8639-4d15-8228-765d8d93fc96.h5ad ---
  Renaming obs index from 'CellID' to 'cell_id'
  Renaming var index from 'None' to 'var_id'
  Saving standardized file...
  Done.
--- Processing 5500c673-1610-40a0-86d9-64d987ae50e6.h5ad ---
  Renaming obs index from 'None' to 'cell_id'
  Renaming var index from 'None' to 'var_id'
  Saving standardized file...
  ERROR processing file: Could not find dataset for raw X in file: /scratch/sigbio_project_root/sigbio_project25/jingqiao/mccell-singleseq/5500c673-1610-40a0-86d9-64d987ae50e6.h5ad.
--- Processing ea786a06-5855-48b7-80d7-0313a21a2044.h5ad ---
  Renaming obs index from 'index' to 'cell_id'
  Renaming var index from 'None' to 'var_id'
  Saving standardized file...
  ERROR processing file: Could not find dataset for raw X in file: /scratch/sigbio_project_root/sigbio_project25/jingqiao/mccell-singleseq/ea786a06-5855-48b7-80d7-0313a21a2044.h5ad.
--- Processing db1d2c1b-2ee1-45d5-9d53-69a327cd77e6.h5ad ---
  Renaming obs index from 'CellID' to 'cell_id'
  Renaming var index from 'None' to 'var_id'
  Saving standardized file...
  Done.
--- Processing 13149914-ea03-4f01-8bf6-b793b667127b.h5ad ---
  Renaming obs index from 'CellID' to 'cell_id'
  Renaming var index from 'gene_ids' to 'var_id'
  Saving standardized file...
  Done.
--- Processing 46ff9dc2-3d87-4b36-91aa-ffa8aa13c52e.h5ad ---
  Renaming obs index from 'CellID' to 'cell_id'
  Renaming var index from 'None' to 'var_id'
  Saving standardized file...
  Done.
--- Processing 529bb209-9d7b-44da-bfa4-f6e4745c46c2.h5ad ---
  Renaming obs index from 'CellID' to 'cell_id'
  Renaming var index from 'None' to 'var_id'
  Saving standardized file...
  Done.
--- Processing d3d4baff-d142-4f13-acc6-96a4ef6a3e95.h5ad ---
  Renaming obs index from 'None' to 'cell_id'
  Renaming var index from 'None' to 'var_id'
  Saving standardized file...
  ERROR processing file: Could not find dataset for raw X in file: /scratch/sigbio_project_root/sigbio_project25/jingqiao/mccell-singleseq/d3d4baff-d142-4f13-acc6-96a4ef6a3e95.h5ad.
--- Processing a65bcc2d-4243-44c1-a262-ab7dcddfcf86.h5ad ---
  Renaming obs index from 'index' to 'cell_id'
  Renaming var index from 'None' to 'var_id'
  Saving standardized file...
  ERROR processing file: Could not find dataset for raw X in file: /scratch/sigbio_project_root/sigbio_project25/jingqiao/mccell-singleseq/a65bcc2d-4243-44c1-a262-ab7dcddfcf86.h5ad.
--- Processing f9034091-2e8f-4ac6-9874-e7b7eb566824.h5ad ---
  Renaming obs index from 'CellID' to 'cell_id'
  Renaming var index from 'None' to 'var_id'
  Saving standardized file...
  Done.
--- Processing be884a28-0eac-4eca-9c23-1294a93cf56e.h5ad ---
  Renaming obs index from 'index' to 'cell_id'
  Renaming var index from 'None' to 'var_id'
  Saving standardized file...
  ERROR processing file: Could not find dataset for raw X in file: /scratch/sigbio_project_root/sigbio_project25/jingqiao/mccell-singleseq/be884a28-0eac-4eca-9c23-1294a93cf56e.h5ad.
--- Processing 7db0c178-b0a4-442f-ba54-e9e1633a84bb.h5ad ---
  Renaming obs index from 'CellID' to 'cell_id'
  Renaming var index from 'None' to 'var_id'
  Saving standardized file...
  Done.
--- Processing 01c93cf6-b695-4e30-a26e-121ae8b16a9e.h5ad ---
  Renaming obs index from 'index' to 'cell_id'
  Renaming var index from 'None' to 'var_id'
  Saving standardized file...
  ERROR processing file: Could not find dataset for raw X in file: /scratch/sigbio_project_root/sigbio_project25/jingqiao/mccell-singleseq/01c93cf6-b695-4e30-a26e-121ae8b16a9e.h5ad.
--- Processing ec6ceff8-c8bc-488d-b6bf-30df2fa92169.h5ad ---
  Renaming obs index from 'barcode' to 'cell_id'
  Renaming var index from 'None' to 'var_id'
  Saving standardized file...
  ERROR processing file: Could not find dataset for raw X in file: /scratch/sigbio_project_root/sigbio_project25/jingqiao/mccell-singleseq/ec6ceff8-c8bc-488d-b6bf-30df2fa92169.h5ad.
--- Processing 72822932-10f6-466f-baf3-a2c1d89364bc.h5ad ---
  Renaming obs index from 'None' to 'cell_id'
  Renaming var index from 'None' to 'var_id'
  Saving standardized file...
  ERROR processing file: Could not find dataset for raw X in file: /scratch/sigbio_project_root/sigbio_project25/jingqiao/mccell-singleseq/72822932-10f6-466f-baf3-a2c1d89364bc.h5ad.
--- Processing 12c3efd8-d515-42e6-b93c-4961e599d524.h5ad ---
  Renaming obs index from 'None' to 'cell_id'
  Renaming var index from 'gene_ids' to 'var_id'
  Saving standardized file...
  ERROR processing file: Could not find dataset for raw X in file: /scratch/sigbio_project_root/sigbio_project25/jingqiao/mccell-singleseq/12c3efd8-d515-42e6-b93c-4961e599d524.h5ad.
--- Processing 842c6f5d-4a94-4eef-8510-8c792d1124bc.h5ad ---
  Renaming obs index from 'None' to 'cell_id'
  Renaming var index from 'None' to 'var_id'
  Saving standardized file...
  ERROR processing file: Could not find dataset for raw X in file: /scratch/sigbio_project_root/sigbio_project25/jingqiao/mccell-singleseq/842c6f5d-4a94-4eef-8510-8c792d1124bc.h5ad.
--- Processing 5829c7ba-697f-418e-8b98-d605b192dc48.h5ad ---
  Renaming obs index from 'index' to 'cell_id'
  Renaming var index from 'None' to 'var_id'
  Saving standardized file...
  Done.
--- Processing 72955cdb-bd92-4135-aa52-21f33f9640db.h5ad ---
  Renaming obs index from 'None' to 'cell_id'
  Renaming var index from 'ensembl_id' to 'var_id'
  Saving standardized file...
  ERROR processing file: Could not find dataset for raw X in file: /scratch/sigbio_project_root/sigbio_project25/jingqiao/mccell-singleseq/72955cdb-bd92-4135-aa52-21f33f9640db.h5ad.
--- Processing 8623d55f-d91c-41c2-ae68-ed2072fd268d.h5ad ---
  Renaming obs index from 'None' to 'cell_id'
  Renaming var index from 'None' to 'var_id'
  Saving standardized file...
  ERROR processing file: Could not find dataset for raw X in file: /scratch/sigbio_project_root/sigbio_project25/jingqiao/mccell-singleseq/8623d55f-d91c-41c2-ae68-ed2072fd268d.h5ad.
--- Processing 595c9010-99ec-462d-b6a1-2b2fe5407871.h5ad ---
  Renaming obs index from 'None' to 'cell_id'
  Renaming var index from 'None' to 'var_id'
  Saving standardized file...
  ERROR processing file: Could not find dataset for raw X in file: /scratch/sigbio_project_root/sigbio_project25/jingqiao/mccell-singleseq/595c9010-99ec-462d-b6a1-2b2fe5407871.h5ad.
--- Processing 93091496-be48-4122-b945-9af9c22a7535.h5ad ---
  Renaming obs index from 'exp_component_name' to 'cell_id'
  Renaming var index from 'None' to 'var_id'
  Saving standardized file...
  ERROR processing file: Could not find dataset for raw X in file: /scratch/sigbio_project_root/sigbio_project25/jingqiao/mccell-singleseq/93091496-be48-4122-b945-9af9c22a7535.h5ad.
--- Processing 30f5e171-83d7-4fc0-bf75-384f122346b3.h5ad ---
  Renaming obs index from 'None' to 'cell_id'
  Renaming var index from 'None' to 'var_id'
  Saving standardized file...
  ERROR processing file: Could not find dataset for raw X in file: /scratch/sigbio_project_root/sigbio_project25/jingqiao/mccell-singleseq/30f5e171-83d7-4fc0-bf75-384f122346b3.h5ad.
--- Processing aad97cb5-f375-45ef-ae9d-178e7f5d5180.h5ad ---
  Renaming obs index from 'None' to 'cell_id'
  Renaming var index from 'None' to 'var_id'
  Saving standardized file...
  ERROR processing file: Could not find dataset for raw X in file: /scratch/sigbio_project_root/sigbio_project25/jingqiao/mccell-singleseq/aad97cb5-f375-45ef-ae9d-178e7f5d5180.h5ad.
--- Processing 6ed0bb6c-a9e3-4ba6-9436-7c8fd4e206f0.h5ad ---
  Renaming obs index from 'CellID' to 'cell_id'
  Renaming var index from 'None' to 'var_id'
  Saving standardized file...
  Done.
--- Processing 5e5ab909-f73f-4b57-98a0-6d2c5662f6a4.h5ad ---
  Renaming obs index from 'CellID' to 'cell_id'
  Renaming var index from 'None' to 'var_id'
  Saving standardized file...
  Done.
--- Processing 1873a18a-66fd-4a4d-8277-a872c93f5b59.h5ad ---
  Renaming obs index from 'None' to 'cell_id'
  Renaming var index from 'None' to 'var_id'
  Saving standardized file...
  ERROR processing file: Could not find dataset for raw X in file: /scratch/sigbio_project_root/sigbio_project25/jingqiao/mccell-singleseq/1873a18a-66fd-4a4d-8277-a872c93f5b59.h5ad.
--- Processing d5a2d011-3765-4dad-ac36-3fff087589fe.h5ad ---
  Renaming obs index from 'exp_component_name' to 'cell_id'
  Renaming var index from 'None' to 'var_id'
  Saving standardized file...
  ERROR processing file: Could not find dataset for raw X in file: /scratch/sigbio_project_root/sigbio_project25/jingqiao/mccell-singleseq/d5a2d011-3765-4dad-ac36-3fff087589fe.h5ad.
--- Processing 6cf3634d-e911-44ad-bf52-c747a9af3c01.h5ad ---
  Renaming var index from 'None' to 'var_id'
  Saving standardized file...
  ERROR processing file: Could not find dataset for raw X in file: /scratch/sigbio_project_root/sigbio_project25/jingqiao/mccell-singleseq/6cf3634d-e911-44ad-bf52-c747a9af3c01.h5ad.
--- Processing a19d1667-a7b5-4556-9e5f-f9bfa690c0f1.h5ad ---
  Renaming obs index from 'None' to 'cell_id'
  Renaming var index from 'None' to 'var_id'
  Saving standardized file...
  ERROR processing file: Could not find dataset for raw X in file: /scratch/sigbio_project_root/sigbio_project25/jingqiao/mccell-singleseq/a19d1667-a7b5-4556-9e5f-f9bfa690c0f1.h5ad.
--- Processing 4a90bbba-df97-4a28-83ae-7386fe7d9167.h5ad ---
  Renaming obs index from 'None' to 'cell_id'
  Renaming var index from 'gene_ids' to 'var_id'
  Saving standardized file...
  ERROR processing file: Could not find dataset for raw X in file: /scratch/sigbio_project_root/sigbio_project25/jingqiao/mccell-singleseq/4a90bbba-df97-4a28-83ae-7386fe7d9167.h5ad.
--- Processing 84230ea4-998d-4aa8-8456-81dd54ce23af.h5ad ---
  Renaming obs index from 'index' to 'cell_id'
  Renaming var index from 'None' to 'var_id'
  Saving standardized file...
  ERROR processing file: Could not find dataset for raw X in file: /scratch/sigbio_project_root/sigbio_project25/jingqiao/mccell-singleseq/84230ea4-998d-4aa8-8456-81dd54ce23af.h5ad.
--- Processing 50eb1e23-b8d4-4f76-a184-44e5541fa05a.h5ad ---
  Renaming obs index from 'index' to 'cell_id'
  Renaming var index from 'None' to 'var_id'
  Saving standardized file...
  ERROR processing file: Could not find dataset for raw X in file: /scratch/sigbio_project_root/sigbio_project25/jingqiao/mccell-singleseq/50eb1e23-b8d4-4f76-a184-44e5541fa05a.h5ad.
--- Processing 3f31f8ce-bbf6-4df8-8203-aa240ed03026.h5ad ---
  Renaming obs index from 'CellID' to 'cell_id'
  Renaming var index from 'None' to 'var_id'
  Saving standardized file...
  Done.
--- Processing 0a2d7e87-c3c0-4ed2-86df-ae18811fcc16.h5ad ---
  Renaming obs index from 'None' to 'cell_id'
  Renaming var index from 'new_index' to 'var_id'
  Saving standardized file...
  ERROR processing file: Could not find dataset for raw X in file: /scratch/sigbio_project_root/sigbio_project25/jingqiao/mccell-singleseq/0a2d7e87-c3c0-4ed2-86df-ae18811fcc16.h5ad.
--- Processing 59b69042-47c2-47fd-ad03-d21beb99818f.h5ad ---
  Renaming obs index from 'None' to 'cell_id'
  Renaming var index from 'None' to 'var_id'
  Saving standardized file...
  ERROR processing file: Could not find dataset for raw X in file: /scratch/sigbio_project_root/sigbio_project25/jingqiao/mccell-singleseq/59b69042-47c2-47fd-ad03-d21beb99818f.h5ad.
--- Processing 9a281de7-cee5-4e80-8584-1929f46f152f.h5ad ---
  Renaming obs index from 'None' to 'cell_id'
  Renaming var index from 'None' to 'var_id'
  Saving standardized file...
  ERROR processing file: Could not find dataset for raw X in file: /scratch/sigbio_project_root/sigbio_project25/jingqiao/mccell-singleseq/9a281de7-cee5-4e80-8584-1929f46f152f.h5ad.
--- Processing a30db232-08a6-48f0-ab9f-ad6977b8a6b1.h5ad ---
  Renaming obs index from 'exp_component_name' to 'cell_id'
  Renaming var index from 'None' to 'var_id'
  Saving standardized file...
  ERROR processing file: Could not find dataset for raw X in file: /scratch/sigbio_project_root/sigbio_project25/jingqiao/mccell-singleseq/a30db232-08a6-48f0-ab9f-ad6977b8a6b1.h5ad.
--- Processing 421e5f54-5de7-425f-b399-34ead0651ce1.h5ad ---
  Renaming obs index from 'CellID' to 'cell_id'
  Renaming var index from 'None' to 'var_id'
  Saving standardized file...
  Done.
--- Processing d4e69e01-3ba2-4d6b-a15d-e7048f78f22e.h5ad ---
  Renaming obs index from 'None' to 'cell_id'
  Renaming var index from 'None' to 'var_id'
  Saving standardized file...
  ERROR processing file: Could not find dataset for raw X in file: /scratch/sigbio_project_root/sigbio_project25/jingqiao/mccell-singleseq/d4e69e01-3ba2-4d6b-a15d-e7048f78f22e.h5ad.
--- Processing 3f32121d-126b-4e8d-9f69-d86502d2a1b1.h5ad ---
  Renaming obs index from 'None' to 'cell_id'
  Renaming var index from 'None' to 'var_id'
  Saving standardized file...
  ERROR processing file: Could not find dataset for raw X in file: /scratch/sigbio_project_root/sigbio_project25/jingqiao/mccell-singleseq/3f32121d-126b-4e8d-9f69-d86502d2a1b1.h5ad.
--- Processing 3c361813-5d5e-4868-bfe5-e7591e7b5381.h5ad ---
  Renaming obs index from 'None' to 'cell_id'
  Renaming var index from 'None' to 'var_id'
  Saving standardized file...
  ERROR processing file: Could not find dataset for raw X in file: /scratch/sigbio_project_root/sigbio_project25/jingqiao/mccell-singleseq/3c361813-5d5e-4868-bfe5-e7591e7b5381.h5ad.
--- Processing 18500fcd-9960-49cb-8a8e-7d868dc14efe.h5ad ---
  Renaming obs index from 'CellID' to 'cell_id'
  Renaming var index from 'None' to 'var_id'
  Saving standardized file...
  Done.
--- Processing f3565fda-499a-4d20-bd92-563c09954c42.h5ad ---
  Renaming obs index from 'CellID' to 'cell_id'
  Renaming var index from 'None' to 'var_id'
  Saving standardized file...
  Done.
--- Processing 8e5978bd-0e48-4a09-a92d-fa2985059f05.h5ad ---
  Renaming obs index from 'None' to 'cell_id'
  Renaming var index from 'None' to 'var_id'
  Saving standardized file...
  ERROR processing file: Could not find dataset for raw X in file: /scratch/sigbio_project_root/sigbio_project25/jingqiao/mccell-singleseq/8e5978bd-0e48-4a09-a92d-fa2985059f05.h5ad.
--- Processing e067e5ca-e53e-485f-aa8e-efd5435229c8.h5ad ---
  Renaming obs index from 'None' to 'cell_id'
  Renaming var index from 'None' to 'var_id'
  Saving standardized file...
  ERROR processing file: Could not find dataset for raw X in file: /scratch/sigbio_project_root/sigbio_project25/jingqiao/mccell-singleseq/e067e5ca-e53e-485f-aa8e-efd5435229c8.h5ad.
--- Processing 9d8e5dca-03a3-457d-b7fb-844c75735c83.h5ad ---
  Renaming obs index from 'None' to 'cell_id'
  Renaming var index from 'None' to 'var_id'
  Saving standardized file...
  ERROR processing file: Could not find dataset for raw X in file: /scratch/sigbio_project_root/sigbio_project25/jingqiao/mccell-singleseq/9d8e5dca-03a3-457d-b7fb-844c75735c83.h5ad.
--- Processing 715327a6-7978-4896-ba91-69d6b04dbbfb.h5ad ---
  Renaming obs index from 'CellID' to 'cell_id'
  Renaming var index from 'None' to 'var_id'
  Saving standardized file...
  Done.
--- Processing ed5d841d-6346-47d4-ab2f-7119ad7e3a35.h5ad ---
  Renaming obs index from 'None' to 'cell_id'
  Renaming var index from 'None' to 'var_id'
  Saving standardized file...
  ERROR processing file: Could not find dataset for raw X in file: /scratch/sigbio_project_root/sigbio_project25/jingqiao/mccell-singleseq/ed5d841d-6346-47d4-ab2f-7119ad7e3a35.h5ad.
--- Processing 2a65bd41-4a3f-42f4-98b2-c53962811152.h5ad ---
  Renaming obs index from 'None' to 'cell_id'
  Renaming var index from 'None' to 'var_id'
  Saving standardized file...
  ERROR processing file: Could not find dataset for raw X in file: /scratch/sigbio_project_root/sigbio_project25/jingqiao/mccell-singleseq/2a65bd41-4a3f-42f4-98b2-c53962811152.h5ad.
--- Processing 2856d06c-0ff9-4e01-bfc9-202b74d0b60f.h5ad ---
  Renaming obs index from 'index' to 'cell_id'
  Renaming var index from 'None' to 'var_id'
  Saving standardized file...
  Done.
--- Processing 52ea546e-9229-40ef-b048-a2e694dd73e8.h5ad ---
  Renaming obs index from 'CellID' to 'cell_id'
  Renaming var index from 'None' to 'var_id'
  Saving standardized file...
  Done.
--- Processing f32c2c13-bb1a-4ffd-a457-60b64ecfa4cb.h5ad ---
  Renaming obs index from 'CellID' to 'cell_id'
  Renaming var index from 'None' to 'var_id'
  Saving standardized file...
  Done.
--- Processing 19e46756-9100-4e01-8b0e-23b557558a4c.h5ad ---
  Renaming obs index from 'None' to 'cell_id'
  Renaming var index from 'None' to 'var_id'
  Saving standardized file...
  ERROR processing file: Could not find dataset for raw X in file: /scratch/sigbio_project_root/sigbio_project25/jingqiao/mccell-singleseq/19e46756-9100-4e01-8b0e-23b557558a4c.h5ad.
--- Processing 731e6380-879f-4b0b-9a1f-2150208852ef.h5ad ---
  Renaming obs index from 'index' to 'cell_id'
  Renaming var index from 'None' to 'var_id'
  Saving standardized file...
  ERROR processing file: Could not find dataset for raw X in file: /scratch/sigbio_project_root/sigbio_project25/jingqiao/mccell-singleseq/731e6380-879f-4b0b-9a1f-2150208852ef.h5ad.
--- Processing a199ca73-035d-44e2-9893-4c493151db21.h5ad ---
  Renaming obs index from 'None' to 'cell_id'
  Renaming var index from 'None' to 'var_id'
  Saving standardized file...
  ERROR processing file: Could not find dataset for raw X in file: /scratch/sigbio_project_root/sigbio_project25/jingqiao/mccell-singleseq/a199ca73-035d-44e2-9893-4c493151db21.h5ad.
--- Processing 7b55fe5c-d5c8-48e0-a1a3-54c5b9074f3f.h5ad ---
  Renaming obs index from 'index' to 'cell_id'
  Renaming var index from 'None' to 'var_id'
  Saving standardized file...
  ERROR processing file: Could not find dataset for raw X in file: /scratch/sigbio_project_root/sigbio_project25/jingqiao/mccell-singleseq/7b55fe5c-d5c8-48e0-a1a3-54c5b9074f3f.h5ad.
--- Processing b7efc0ba-9136-4f3f-adb2-d07849e59a3d.h5ad ---
  Renaming obs index from 'None' to 'cell_id'
  Renaming var index from 'None' to 'var_id'
  Saving standardized file...
  ERROR processing file: Could not find dataset for raw X in file: /scratch/sigbio_project_root/sigbio_project25/jingqiao/mccell-singleseq/b7efc0ba-9136-4f3f-adb2-d07849e59a3d.h5ad.
--- Processing d967b47c-a9e6-4337-b2f4-977f690cb67f.h5ad ---
  Renaming obs index from 'None' to 'cell_id'
  Renaming var index from 'None' to 'var_id'
  Saving standardized file...
  ERROR processing file: Could not find dataset for raw X in file: /scratch/sigbio_project_root/sigbio_project25/jingqiao/mccell-singleseq/d967b47c-a9e6-4337-b2f4-977f690cb67f.h5ad.
--- Processing 93131426-0124-4ab4-a013-9dfbcd99d467.h5ad ---
  Renaming obs index from 'CellID' to 'cell_id'
  Renaming var index from 'None' to 'var_id'
  Saving standardized file...
  Done.
--- Processing cab0bc48-744c-461b-aaf4-7bf2cb7af00d.h5ad ---
  Renaming obs index from 'index' to 'cell_id'
  Renaming var index from 'None' to 'var_id'
  Saving standardized file...
  ERROR processing file: Could not find dataset for raw X in file: /scratch/sigbio_project_root/sigbio_project25/jingqiao/mccell-singleseq/cab0bc48-744c-461b-aaf4-7bf2cb7af00d.h5ad.
--- Processing 3e524d45-2265-4440-b903-3c30d51a0b17.h5ad ---
  Renaming obs index from 'None' to 'cell_id'
  Renaming var index from 'gene_ids' to 'var_id'
  Saving standardized file...
  ERROR processing file: Could not find dataset for raw X in file: /scratch/sigbio_project_root/sigbio_project25/jingqiao/mccell-singleseq/3e524d45-2265-4440-b903-3c30d51a0b17.h5ad.
--- Processing 94c41723-b2c4-4b59-a49a-64c9b851903e.h5ad ---
  Renaming obs index from 'None' to 'cell_id'
  Renaming var index from 'None' to 'var_id'
  Saving standardized file...
  ERROR processing file: Could not find dataset for raw X in file: /scratch/sigbio_project_root/sigbio_project25/jingqiao/mccell-singleseq/94c41723-b2c4-4b59-a49a-64c9b851903e.h5ad.
--- Processing eb499fd8-7000-419f-8854-926b9b61b11f.h5ad ---
  Renaming obs index from 'indx' to 'cell_id'
  Renaming var index from 'gene_ids' to 'var_id'
  Saving standardized file...
  ERROR processing file: Could not find dataset for raw X in file: /scratch/sigbio_project_root/sigbio_project25/jingqiao/mccell-singleseq/eb499fd8-7000-419f-8854-926b9b61b11f.h5ad.
--- Processing ca46ffe6-0a26-4d8d-82fa-81722daf1102.h5ad ---
  Renaming obs index from 'None' to 'cell_id'
  Renaming var index from 'None' to 'var_id'
  Saving standardized file...
  ERROR processing file: Could not find dataset for raw X in file: /scratch/sigbio_project_root/sigbio_project25/jingqiao/mccell-singleseq/ca46ffe6-0a26-4d8d-82fa-81722daf1102.h5ad.
--- Processing e2808a6e-e2ea-41b9-b38c-4a08f1677f02.h5ad ---
  Renaming obs index from 'None' to 'cell_id'
  Renaming var index from 'None' to 'var_id'
  Saving standardized file...
  ERROR processing file: Could not find dataset for raw X in file: /scratch/sigbio_project_root/sigbio_project25/jingqiao/mccell-singleseq/e2808a6e-e2ea-41b9-b38c-4a08f1677f02.h5ad.
--- Processing 7c497c66-c2e2-4291-8b96-339e5e65f314.h5ad ---
  Renaming obs index from 'None' to 'cell_id'
  Renaming var index from 'None' to 'var_id'
  Saving standardized file...
  ERROR processing file: Could not find dataset for raw X in file: /scratch/sigbio_project_root/sigbio_project25/jingqiao/mccell-singleseq/7c497c66-c2e2-4291-8b96-339e5e65f314.h5ad.
--- Processing c54c9659-1b6b-4d4a-96f0-7dc987410f2d.h5ad ---
  Renaming obs index from 'None' to 'cell_id'
  Renaming var index from 'Ensemble_ID' to 'var_id'
  Saving standardized file...
  ERROR processing file: Could not find dataset for raw X in file: /scratch/sigbio_project_root/sigbio_project25/jingqiao/mccell-singleseq/c54c9659-1b6b-4d4a-96f0-7dc987410f2d.h5ad.
--- Processing 15d374d6-0dfd-4d8e-ade7-81f73dc921ee.h5ad ---
  Renaming obs index from 'None' to 'cell_id'
  Renaming var index from 'gene_id' to 'var_id'
  Saving standardized file...
  ERROR processing file: Could not find dataset for raw X in file: /scratch/sigbio_project_root/sigbio_project25/jingqiao/mccell-singleseq/15d374d6-0dfd-4d8e-ade7-81f73dc921ee.h5ad.
--- Processing d5452b83-7c3d-4d7c-ab7a-c7fece7196c5.h5ad ---
  Renaming obs index from 'CellID' to 'cell_id'
  Renaming var index from 'None' to 'var_id'
  Saving standardized file...
  Done.
--- Processing 171b03c9-516b-499c-a434-fa4f70191988.h5ad ---
  Renaming obs index from 'exp_component_name' to 'cell_id'
  Renaming var index from 'None' to 'var_id'
  Saving standardized file...
  ERROR processing file: Could not find dataset for raw X in file: /scratch/sigbio_project_root/sigbio_project25/jingqiao/mccell-singleseq/171b03c9-516b-499c-a434-fa4f70191988.h5ad.
--- Processing 96baf2e0-60c5-48cf-b1d1-cba657851507.h5ad ---
  Renaming obs index from 'None' to 'cell_id'
  Renaming var index from 'None' to 'var_id'
  Saving standardized file...
  ERROR processing file: Could not find dataset for raw X in file: /scratch/sigbio_project_root/sigbio_project25/jingqiao/mccell-singleseq/96baf2e0-60c5-48cf-b1d1-cba657851507.h5ad.
--- Processing 73b7d0aa-035f-4a15-9f1d-f56b70204591.h5ad ---
  Renaming obs index from 'index' to 'cell_id'
  Renaming var index from 'None' to 'var_id'
  Saving standardized file...
  ERROR processing file: Could not find dataset for raw X in file: /scratch/sigbio_project_root/sigbio_project25/jingqiao/mccell-singleseq/73b7d0aa-035f-4a15-9f1d-f56b70204591.h5ad.
--- Processing 78f40dd6-ed22-470d-8547-6fb5746c25da.h5ad ---
  Renaming obs index from 'exp_component_name' to 'cell_id'
  Renaming var index from 'None' to 'var_id'
  Saving standardized file...
  ERROR processing file: Could not find dataset for raw X in file: /scratch/sigbio_project_root/sigbio_project25/jingqiao/mccell-singleseq/78f40dd6-ed22-470d-8547-6fb5746c25da.h5ad.
--- Processing ddb22b3d-a75c-4dd1-9730-dff7fc8ca530.h5ad ---
  Renaming obs index from 'None' to 'cell_id'
  Renaming var index from 'None' to 'var_id'
  Saving standardized file...
  ERROR processing file: Could not find dataset for raw X in file: /scratch/sigbio_project_root/sigbio_project25/jingqiao/mccell-singleseq/ddb22b3d-a75c-4dd1-9730-dff7fc8ca530.h5ad.
--- Processing f7ca7eb9-0919-4eba-99a1-21ba382b4174.h5ad ---
  Renaming obs index from 'None' to 'cell_id'
  Renaming var index from 'ensemble' to 'var_id'
  Saving standardized file...
  ERROR processing file: Could not find dataset for raw X in file: /scratch/sigbio_project_root/sigbio_project25/jingqiao/mccell-singleseq/f7ca7eb9-0919-4eba-99a1-21ba382b4174.h5ad.
--- Processing 31285bcd-9a28-48ce-8cc0-543af80261d3.h5ad ---
  Renaming obs index from 'exp_component_name' to 'cell_id'
  Renaming var index from 'None' to 'var_id'
  Saving standardized file...
  ERROR processing file: Could not find dataset for raw X in file: /scratch/sigbio_project_root/sigbio_project25/jingqiao/mccell-singleseq/31285bcd-9a28-48ce-8cc0-543af80261d3.h5ad.
--- Processing 1a018108-b4b6-457b-ba15-046d5e98c169.h5ad ---
  Renaming obs index from 'CellID' to 'cell_id'
  Renaming var index from 'None' to 'var_id'
  Saving standardized file...
  Done.
--- Processing 2dd9d7a2-4bee-4c3f-a1f5-89bc3271c4f0.h5ad ---
  Renaming obs index from 'None' to 'cell_id'
  Renaming var index from 'None' to 'var_id'
  Saving standardized file...
  ERROR processing file: Could not find dataset for raw X in file: /scratch/sigbio_project_root/sigbio_project25/jingqiao/mccell-singleseq/2dd9d7a2-4bee-4c3f-a1f5-89bc3271c4f0.h5ad.
--- Processing a9bedd04-51cb-42ad-83fe-cd749de71f1b.h5ad ---
  Renaming obs index from 'None' to 'cell_id'
  Renaming var index from 'None' to 'var_id'
  Saving standardized file...
  ERROR processing file: Could not find dataset for raw X in file: /scratch/sigbio_project_root/sigbio_project25/jingqiao/mccell-singleseq/a9bedd04-51cb-42ad-83fe-cd749de71f1b.h5ad.
--- Processing 4dd1cd23-fc4d-4fd1-9709-602540f3ca6f.h5ad ---
  Renaming obs index from 'index' to 'cell_id'
  Renaming var index from 'None' to 'var_id'
  Saving standardized file...
  Done.
--- Processing d02287f3-408b-438d-9131-999e460cbd0e.h5ad ---
  Renaming obs index from 'CellID' to 'cell_id'
  Renaming var index from 'None' to 'var_id'
  Saving standardized file...
  Done.
--- Processing 6c87755e-a671-41a8-9c7e-4e43b850a57b.h5ad ---
  Renaming obs index from 'cellid' to 'cell_id'
  Renaming var index from 'None' to 'var_id'
  Saving standardized file...
  ERROR processing file: Could not find dataset for raw X in file: /scratch/sigbio_project_root/sigbio_project25/jingqiao/mccell-singleseq/6c87755e-a671-41a8-9c7e-4e43b850a57b.h5ad.
--- Processing b6e502d7-0d07-408e-a291-91b63af0a40a.h5ad ---
  Renaming obs index from 'exp_component_name' to 'cell_id'
  Renaming var index from 'None' to 'var_id'
  Saving standardized file...
  ERROR processing file: Could not find dataset for raw X in file: /scratch/sigbio_project_root/sigbio_project25/jingqiao/mccell-singleseq/b6e502d7-0d07-408e-a291-91b63af0a40a.h5ad.
--- Processing dd03ce70-3243-4c96-9561-330cc461e4d7.h5ad ---
  Renaming obs index from 'CellID' to 'cell_id'
  Renaming var index from 'None' to 'var_id'
  Saving standardized file...
  Done.
--- Processing ed11cc3e-2947-407c-883c-c53b043917c3.h5ad ---
  Renaming obs index from 'CellID' to 'cell_id'
  Renaming var index from 'None' to 'var_id'
  Saving standardized file...
  Done.
--- Processing ed9e9f96-4f08-49d2-bef5-b2c29adf3edc.h5ad ---
  Renaming obs index from 'index' to 'cell_id'
  Renaming var index from 'None' to 'var_id'
  Saving standardized file...
  ERROR processing file: Could not find dataset for raw X in file: /scratch/sigbio_project_root/sigbio_project25/jingqiao/mccell-singleseq/ed9e9f96-4f08-49d2-bef5-b2c29adf3edc.h5ad.
--- Processing be41a86a-b606-4b1c-8055-32f334898775.h5ad ---
  Renaming obs index from 'None' to 'cell_id'
  Renaming var index from 'None' to 'var_id'
  Saving standardized file...
  ERROR processing file: Could not find dataset for raw X in file: /scratch/sigbio_project_root/sigbio_project25/jingqiao/mccell-singleseq/be41a86a-b606-4b1c-8055-32f334898775.h5ad.
--- Processing e8681d74-ac9e-4be5-be14-1cf1bbd54dd7.h5ad ---
  Renaming obs index from 'CellID' to 'cell_id'
  Renaming var index from 'None' to 'var_id'
  Saving standardized file...
  Done.
--- Processing ac0c6561-7a48-4185-af6f-af799f699172.h5ad ---
  Renaming obs index from 'None' to 'cell_id'
  Renaming var index from 'gene_ids' to 'var_id'
  Saving standardized file...
  ERROR processing file: Could not find dataset for raw X in file: /scratch/sigbio_project_root/sigbio_project25/jingqiao/mccell-singleseq/ac0c6561-7a48-4185-af6f-af799f699172.h5ad.
--- Processing c05e6940-729c-47bd-a2a6-6ce3730c4919.h5ad ---
  Renaming obs index from 'None' to 'cell_id'
  Renaming var index from 'None' to 'var_id'
  Saving standardized file...
  ERROR processing file: Could not find dataset for raw X in file: /scratch/sigbio_project_root/sigbio_project25/jingqiao/mccell-singleseq/c05e6940-729c-47bd-a2a6-6ce3730c4919.h5ad.
--- Processing 51d9716c-50bb-4fd8-8d1e-7d9329969cb7.h5ad ---
  Renaming obs index from 'None' to 'cell_id'
  Renaming var index from 'gene_ids' to 'var_id'
  Saving standardized file...
  ERROR processing file: Could not find dataset for raw X in file: /scratch/sigbio_project_root/sigbio_project25/jingqiao/mccell-singleseq/51d9716c-50bb-4fd8-8d1e-7d9329969cb7.h5ad.
--- Processing ce009dc1-ac57-4386-b72f-5c575701c253.h5ad ---
  Renaming obs index from 'index' to 'cell_id'
  Renaming var index from 'None' to 'var_id'
  Saving standardized file...
  ERROR processing file: Could not find dataset for raw X in file: /scratch/sigbio_project_root/sigbio_project25/jingqiao/mccell-singleseq/ce009dc1-ac57-4386-b72f-5c575701c253.h5ad.
--- Processing c874f155-9bf9-4928-b821-f52c876b3e48.h5ad ---
  Renaming obs index from 'index' to 'cell_id'
  Renaming var index from 'None' to 'var_id'
  Saving standardized file...
  ERROR processing file: Could not find dataset for raw X in file: /scratch/sigbio_project_root/sigbio_project25/jingqiao/mccell-singleseq/c874f155-9bf9-4928-b821-f52c876b3e48.h5ad.
--- Processing 88a01d4a-5197-45be-b5ae-e019aef43376.h5ad ---
  Renaming obs index from 'CellID' to 'cell_id'
  Renaming var index from 'None' to 'var_id'
  Saving standardized file...
  Done.
--- Processing 8fbed309-d3d4-441b-b3ff-e2dcbcec2d35.h5ad ---
  Renaming obs index from 'None' to 'cell_id'
  Renaming var index from 'ensembl_id' to 'var_id'
  Saving standardized file...
  ERROR processing file: Could not find dataset for raw X in file: /scratch/sigbio_project_root/sigbio_project25/jingqiao/mccell-singleseq/8fbed309-d3d4-441b-b3ff-e2dcbcec2d35.h5ad.
--- Processing 0de831e0-a525-4ec5-b717-df56f2de2bf0.h5ad ---
  Renaming obs index from 'exp_component_name' to 'cell_id'
  Renaming var index from 'None' to 'var_id'
  Saving standardized file...
  ERROR processing file: Could not find dataset for raw X in file: /scratch/sigbio_project_root/sigbio_project25/jingqiao/mccell-singleseq/0de831e0-a525-4ec5-b717-df56f2de2bf0.h5ad.
--- Processing 4593c820-512d-4805-a10f-c0b864a7cc8c.h5ad ---
  Renaming obs index from 'CellID' to 'cell_id'
  Renaming var index from 'None' to 'var_id'
  Saving standardized file...
  Done.
--- Processing 55003f67-c494-46f1-83fb-902745646379.h5ad ---
  Renaming obs index from 'None' to 'cell_id'
  Renaming var index from 'None' to 'var_id'
  Saving standardized file...
  ERROR processing file: Could not find dataset for raw X in file: /scratch/sigbio_project_root/sigbio_project25/jingqiao/mccell-singleseq/55003f67-c494-46f1-83fb-902745646379.h5ad.
--- Processing fbf173f9-f809-4d84-9b65-ae205d35b523.h5ad ---
  Renaming obs index from 'CellID' to 'cell_id'
  Renaming var index from 'None' to 'var_id'
  Saving standardized file...
  Done.
--- Processing cb252df6-6e49-4553-abd1-495a00006fb1.h5ad ---
  Renaming obs index from 'None' to 'cell_id'
  Renaming var index from 'ensembl_id' to 'var_id'
  Saving standardized file...
  ERROR processing file: Could not find dataset for raw X in file: /scratch/sigbio_project_root/sigbio_project25/jingqiao/mccell-singleseq/cb252df6-6e49-4553-abd1-495a00006fb1.h5ad.
--- Processing fe1a73ab-a203-45fd-84e9-0f7fd19efcbd.h5ad ---
  Renaming obs index from 'CellID' to 'cell_id'
  Renaming var index from 'None' to 'var_id'
  Saving standardized file...
  Done.
--- Processing 1e5bd3b8-6a0e-4959-8d69-cafed30fe814.h5ad ---
  Renaming obs index from 'index' to 'cell_id'
  Renaming var index from 'None' to 'var_id'
  Saving standardized file...
  ERROR processing file: Could not find dataset for raw X in file: /scratch/sigbio_project_root/sigbio_project25/jingqiao/mccell-singleseq/1e5bd3b8-6a0e-4959-8d69-cafed30fe814.h5ad.
--- Processing 7d98cc44-b090-4dc8-804f-2750c84fe9d7.h5ad ---
  Renaming obs index from 'index' to 'cell_id'
  Renaming var index from 'None' to 'var_id'
  Saving standardized file...
  ERROR processing file: Could not find dataset for raw X in file: /scratch/sigbio_project_root/sigbio_project25/jingqiao/mccell-singleseq/7d98cc44-b090-4dc8-804f-2750c84fe9d7.h5ad.
--- Processing d319af7f-be2e-441e-8caa-3b8a88480e89.h5ad ---
  Renaming obs index from 'None' to 'cell_id'
  Renaming var index from 'None' to 'var_id'
  Saving standardized file...
  ERROR processing file: Could not find dataset for raw X in file: /scratch/sigbio_project_root/sigbio_project25/jingqiao/mccell-singleseq/d319af7f-be2e-441e-8caa-3b8a88480e89.h5ad.
--- Processing 7c1c3d47-3166-43e5-9a95-65ceb2d45f78.h5ad ---
  Renaming obs index from 'CellID' to 'cell_id'
  Renaming var index from 'None' to 'var_id'
  Saving standardized file...
  Done.
--- Processing 149b2c3f-ee11-47a7-984b-923570280bd7.h5ad ---
  Renaming obs index from 'exp_component_name' to 'cell_id'
  Renaming var index from 'None' to 'var_id'
  Saving standardized file...
  ERROR processing file: Could not find dataset for raw X in file: /scratch/sigbio_project_root/sigbio_project25/jingqiao/mccell-singleseq/149b2c3f-ee11-47a7-984b-923570280bd7.h5ad.
--- Processing f1606894-59df-4794-a37f-baa7c6fb6de1.h5ad ---
  Renaming obs index from 'None' to 'cell_id'
  Renaming var index from 'gene_ids' to 'var_id'
  Saving standardized file...
  ERROR processing file: Could not find dataset for raw X in file: /scratch/sigbio_project_root/sigbio_project25/jingqiao/mccell-singleseq/f1606894-59df-4794-a37f-baa7c6fb6de1.h5ad.
--- Processing e84f2780-51e8-4cfa-8aa0-13bbfef677c7.h5ad ---
  Renaming obs index from 'None' to 'cell_id'
  Renaming var index from 'None' to 'var_id'
  Saving standardized file...
  ERROR processing file: Could not find dataset for raw X in file: /scratch/sigbio_project_root/sigbio_project25/jingqiao/mccell-singleseq/e84f2780-51e8-4cfa-8aa0-13bbfef677c7.h5ad.
--- Processing 471647b3-04fe-4c76-8372-3264feb950e8.h5ad ---
  Renaming obs index from 'None' to 'cell_id'
  Renaming var index from 'None' to 'var_id'
  Saving standardized file...
  ERROR processing file: Could not find dataset for raw X in file: /scratch/sigbio_project_root/sigbio_project25/jingqiao/mccell-singleseq/471647b3-04fe-4c76-8372-3264feb950e8.h5ad.
--- Processing 99e317c0-1fab-4f73-b511-859e752fd1c3.h5ad ---
  Renaming obs index from 'None' to 'cell_id'
  Renaming var index from 'ensembl_id' to 'var_id'
  Saving standardized file...
  ERROR processing file: Could not find dataset for raw X in file: /scratch/sigbio_project_root/sigbio_project25/jingqiao/mccell-singleseq/99e317c0-1fab-4f73-b511-859e752fd1c3.h5ad.
--- Processing de94c504-4b58-4f42-b68d-74a8e4892f0e.h5ad ---
  Renaming obs index from 'None' to 'cell_id'
  Renaming var index from 'None' to 'var_id'
  Saving standardized file...
  ERROR processing file: Could not find dataset for raw X in file: /scratch/sigbio_project_root/sigbio_project25/jingqiao/mccell-singleseq/de94c504-4b58-4f42-b68d-74a8e4892f0e.h5ad.
--- Processing d567b692-c374-4628-a508-8008f6778f22.h5ad ---
  Renaming obs index from 'barcode' to 'cell_id'
  Renaming var index from 'None' to 'var_id'
  Saving standardized file...
  ERROR processing file: Could not find dataset for raw X in file: /scratch/sigbio_project_root/sigbio_project25/jingqiao/mccell-singleseq/d567b692-c374-4628-a508-8008f6778f22.h5ad.
--- Processing b3c9904b-2ffd-4038-8620-ee1c5b072e9c.h5ad ---
  Renaming obs index from 'None' to 'cell_id'
  Renaming var index from 'ENSEMBL' to 'var_id'
  Saving standardized file...
  ERROR processing file: Could not find dataset for raw X in file: /scratch/sigbio_project_root/sigbio_project25/jingqiao/mccell-singleseq/b3c9904b-2ffd-4038-8620-ee1c5b072e9c.h5ad.
--- Processing ff7d15fa-f4b6-4a0e-992e-fd0c9d088ded.h5ad ---
  Renaming obs index from 'CellID' to 'cell_id'
  Renaming var index from 'None' to 'var_id'
  Saving standardized file...
  Done.
--- Processing a7b4f565-691d-43ea-bf4a-d2d1d52bb4b4.h5ad ---
  Renaming obs index from 'CellID' to 'cell_id'
  Renaming var index from 'None' to 'var_id'
  Saving standardized file...
  Done.
--- Processing 9968be68-ab65-4a38-9e1a-c9b6abece194.h5ad ---
  Renaming obs index from 'None' to 'cell_id'
  Renaming var index from 'None' to 'var_id'
  Saving standardized file...
  Done.
--- Processing 2ac76f1b-43ef-4271-8686-2f165570989f.h5ad ---
  Renaming obs index from 'None' to 'cell_id'
  Renaming var index from 'None' to 'var_id'
  Saving standardized file...
  ERROR processing file: Could not find dataset for raw X in file: /scratch/sigbio_project_root/sigbio_project25/jingqiao/mccell-singleseq/2ac76f1b-43ef-4271-8686-2f165570989f.h5ad.
--- Processing 22658f4f-9268-41ad-8828-cc53f4baa9fa.h5ad ---
  Renaming obs index from 'CellID' to 'cell_id'
  Renaming var index from 'None' to 'var_id'
  Saving standardized file...
  Done.
--- Processing 34229bdc-a895-4394-8820-574e4028d8c6.h5ad ---
  Renaming obs index from 'exp_component_name' to 'cell_id'
  Renaming var index from 'None' to 'var_id'
  Saving standardized file...
  ERROR processing file: Could not find dataset for raw X in file: /scratch/sigbio_project_root/sigbio_project25/jingqiao/mccell-singleseq/34229bdc-a895-4394-8820-574e4028d8c6.h5ad.
--- Processing 2a8ca8f3-5599-4cda-b973-3a2dfc3c1fe6.h5ad ---
  Renaming obs index from 'CellID' to 'cell_id'
  Renaming var index from 'None' to 'var_id'
  Saving standardized file...
  Done.
--- Processing 7d3ab174-e433-40fc-a352-6fe71b1a19f9.h5ad ---
  Renaming obs index from 'CellID' to 'cell_id'
  Renaming var index from 'None' to 'var_id'
  Saving standardized file...
  Done.
--- Processing bd3e3487-c1e6-4298-b9de-8bdcf3f938d7.h5ad ---
  Renaming obs index from 'index' to 'cell_id'
  Renaming var index from 'None' to 'var_id'
  Saving standardized file...
  ERROR processing file: Could not find dataset for raw X in file: /scratch/sigbio_project_root/sigbio_project25/jingqiao/mccell-singleseq/bd3e3487-c1e6-4298-b9de-8bdcf3f938d7.h5ad.
--- Processing 06ef6b36-6c9b-4e10-8a94-d0baf274276e.h5ad ---
  Renaming obs index from 'None' to 'cell_id'
  Renaming var index from 'None' to 'var_id'
  Saving standardized file...
  ERROR processing file: Could not find dataset for raw X in file: /scratch/sigbio_project_root/sigbio_project25/jingqiao/mccell-singleseq/06ef6b36-6c9b-4e10-8a94-d0baf274276e.h5ad.
--- Processing 4724c395-0c46-46d2-81f7-60fd271fb488.h5ad ---
  Renaming obs index from 'CellID' to 'cell_id'
  Renaming var index from 'None' to 'var_id'
  Saving standardized file...
  Done.
--- Processing 4b6af54a-4a21-46e0-bc8d-673c0561a836.h5ad ---
  Renaming obs index from 'index' to 'cell_id'
  Renaming var index from 'None' to 'var_id'
  Saving standardized file...
  ERROR processing file: Could not find dataset for raw X in file: /scratch/sigbio_project_root/sigbio_project25/jingqiao/mccell-singleseq/4b6af54a-4a21-46e0-bc8d-673c0561a836.h5ad.
--- Processing b25f3834-69b3-4d87-a272-3938432d1f30.h5ad ---
  Renaming obs index from 'index' to 'cell_id'
  Renaming var index from 'None' to 'var_id'
  Saving standardized file...
  ERROR processing file: Could not find dataset for raw X in file: /scratch/sigbio_project_root/sigbio_project25/jingqiao/mccell-singleseq/b25f3834-69b3-4d87-a272-3938432d1f30.h5ad.
--- Processing 1a38e762-2465-418f-b81c-6a4bce261c34.h5ad ---
  Renaming obs index from 'None' to 'cell_id'
  Renaming var index from 'None' to 'var_id'
  Saving standardized file...
  ERROR processing file: Could not find dataset for raw X in file: /scratch/sigbio_project_root/sigbio_project25/jingqiao/mccell-singleseq/1a38e762-2465-418f-b81c-6a4bce261c34.h5ad.
--- Processing 182f6a56-7360-4924-a74e-1772e07b3031.h5ad ---
  Renaming obs index from 'CellID' to 'cell_id'
  Renaming var index from 'None' to 'var_id'
  Saving standardized file...
  Done.
--- Processing 489318a0-24c3-4f5c-b105-f084ed0ea026.h5ad ---
  Renaming obs index from 'None' to 'cell_id'
  Renaming var index from 'None' to 'var_id'
  Saving standardized file...
  ERROR processing file: Could not find dataset for raw X in file: /scratch/sigbio_project_root/sigbio_project25/jingqiao/mccell-singleseq/489318a0-24c3-4f5c-b105-f084ed0ea026.h5ad.
--- Processing e1f595f6-ba2c-495e-9bee-7056f116b1e4.h5ad ---
  Renaming obs index from 'CellID' to 'cell_id'
  Renaming var index from 'None' to 'var_id'
  Saving standardized file...
  Done.
--- Processing 5d3fc988-765d-48ba-bfb5-151ef2988cac.h5ad ---
  Renaming obs index from 'None' to 'cell_id'
  Renaming var index from 'None' to 'var_id'
  Saving standardized file...
  ERROR processing file: Could not find dataset for raw X in file: /scratch/sigbio_project_root/sigbio_project25/jingqiao/mccell-singleseq/5d3fc988-765d-48ba-bfb5-151ef2988cac.h5ad.
--- Processing 78c62d4e-abf1-405b-bb51-368720814529.h5ad ---
  Renaming obs index from 'None' to 'cell_id'
  Renaming var index from 'None' to 'var_id'
  Saving standardized file...
  ERROR processing file: Could not find dataset for raw X in file: /scratch/sigbio_project_root/sigbio_project25/jingqiao/mccell-singleseq/78c62d4e-abf1-405b-bb51-368720814529.h5ad.
--- Processing 9372df2d-13d6-4fac-980b-919a5b7eb483.h5ad ---
  Renaming obs index from 'CellID' to 'cell_id'
  Renaming var index from 'None' to 'var_id'
  Saving standardized file...
  Done.
--- Processing 4976b234-9028-4b4b-8a2f-8ac59d636219.h5ad ---
  Renaming obs index from 'CellID' to 'cell_id'
  Renaming var index from 'None' to 'var_id'
  Saving standardized file...
  Done.
--- Processing a37f857c-779f-464e-9310-3db43a1811e7.h5ad ---
  Renaming var index from 'None' to 'var_id'
  Saving standardized file...
  ERROR processing file: Could not find dataset for raw X in file: /scratch/sigbio_project_root/sigbio_project25/jingqiao/mccell-singleseq/a37f857c-779f-464e-9310-3db43a1811e7.h5ad.
--- Processing 76150f40-1989-4977-9e23-696e72d59d9e.h5ad ---
  Renaming obs index from 'None' to 'cell_id'
  Renaming var index from 'None' to 'var_id'
  Saving standardized file...
  ERROR processing file: Could not find dataset for raw X in file: /scratch/sigbio_project_root/sigbio_project25/jingqiao/mccell-singleseq/76150f40-1989-4977-9e23-696e72d59d9e.h5ad.
--- Processing e7c5ba7e-4be0-4696-af50-a07d0dc7aac5.h5ad ---
  Renaming obs index from 'None' to 'cell_id'
  Renaming var index from 'ensembl_id' to 'var_id'
  Saving standardized file...
  ERROR processing file: Could not find dataset for raw X in file: /scratch/sigbio_project_root/sigbio_project25/jingqiao/mccell-singleseq/e7c5ba7e-4be0-4696-af50-a07d0dc7aac5.h5ad.
--- Processing ca20e2ac-5676-4158-b5d0-0c2b15898b19.h5ad ---
  Renaming obs index from 'CellID' to 'cell_id'
  Renaming var index from 'None' to 'var_id'
  Saving standardized file...
  Done.
--- Processing 7b20c613-9add-43d1-87e9-defd3d9b9f8c.h5ad ---
  Renaming obs index from 'None' to 'cell_id'
  Renaming var index from 'ensembl_id' to 'var_id'
  Saving standardized file...
  ERROR processing file: Could not find dataset for raw X in file: /scratch/sigbio_project_root/sigbio_project25/jingqiao/mccell-singleseq/7b20c613-9add-43d1-87e9-defd3d9b9f8c.h5ad.
--- Processing eeacb0c1-2217-4cf6-b8ce-1f0fedf1b569.h5ad ---
  Renaming obs index from 'index' to 'cell_id'
  Renaming var index from 'None' to 'var_id'
  Saving standardized file...
  ERROR processing file: Could not find dataset for raw X in file: /scratch/sigbio_project_root/sigbio_project25/jingqiao/mccell-singleseq/eeacb0c1-2217-4cf6-b8ce-1f0fedf1b569.h5ad.
--- Processing dbf0bd35-87f8-4b25-bc90-a3c54f379907.h5ad ---
  Renaming obs index from 'index' to 'cell_id'
  Renaming var index from 'None' to 'var_id'
  Saving standardized file...
  ERROR processing file: Could not find dataset for raw X in file: /scratch/sigbio_project_root/sigbio_project25/jingqiao/mccell-singleseq/dbf0bd35-87f8-4b25-bc90-a3c54f379907.h5ad.
--- Processing f5a04dff-d394-4023-8811-65494e8bb11d.h5ad ---
  Renaming obs index from 'CellID' to 'cell_id'
  Renaming var index from 'None' to 'var_id'
  Saving standardized file...
  Done.
--- Processing 518d9049-2a76-44f8-8abc-1e2b59ab5ba1.h5ad ---
  Renaming var index from 'None' to 'var_id'
  Saving standardized file...
  ERROR processing file: Could not find dataset for raw X in file: /scratch/sigbio_project_root/sigbio_project25/jingqiao/mccell-singleseq/518d9049-2a76-44f8-8abc-1e2b59ab5ba1.h5ad.
--- Processing 821a8e3e-87ec-41ee-bd69-cd4377057d38.h5ad ---
  Renaming obs index from 'None' to 'cell_id'
  Renaming var index from 'None' to 'var_id'
  Saving standardized file...
  ERROR processing file: Could not find dataset for raw X in file: /scratch/sigbio_project_root/sigbio_project25/jingqiao/mccell-singleseq/821a8e3e-87ec-41ee-bd69-cd4377057d38.h5ad.
--- Processing 429d21fd-bb9a-4abf-922b-c15138524bdd.h5ad ---
  Renaming obs index from 'None' to 'cell_id'
  Renaming var index from 'None' to 'var_id'
  Saving standardized file...
  ERROR processing file: Could not find dataset for raw X in file: /scratch/sigbio_project_root/sigbio_project25/jingqiao/mccell-singleseq/429d21fd-bb9a-4abf-922b-c15138524bdd.h5ad.
--- Processing 40569510-2282-461b-84df-6218ef208e0e.h5ad ---
  Renaming obs index from 'CellID' to 'cell_id'
  Renaming var index from 'None' to 'var_id'
  Saving standardized file...
  Done.
--- Processing de985818-285f-4f59-9dbd-d74968fddba3.h5ad ---
  Renaming obs index from 'None' to 'cell_id'
  Renaming var index from 'None' to 'var_id'
  Saving standardized file...
  ERROR processing file: Could not find dataset for raw X in file: /scratch/sigbio_project_root/sigbio_project25/jingqiao/mccell-singleseq/de985818-285f-4f59-9dbd-d74968fddba3.h5ad.
--- Processing eec804b9-2ae5-44f0-a1b5-d721e21257de.h5ad ---
  Renaming obs index from 'index' to 'cell_id'
  Renaming var index from 'None' to 'var_id'
  Saving standardized file...
  ERROR processing file: Could not find dataset for raw X in file: /scratch/sigbio_project_root/sigbio_project25/jingqiao/mccell-singleseq/eec804b9-2ae5-44f0-a1b5-d721e21257de.h5ad.
--- Processing 881fe679-c6e0-45a3-9427-c4e81be6921f.h5ad ---
  Renaming obs index from 'index' to 'cell_id'
  Renaming var index from 'None' to 'var_id'
  Saving standardized file...
  ERROR processing file: Could not find dataset for raw X in file: /scratch/sigbio_project_root/sigbio_project25/jingqiao/mccell-singleseq/881fe679-c6e0-45a3-9427-c4e81be6921f.h5ad.
--- Processing 1a974af7-8b4b-4abb-8aba-23e2979d9518.h5ad ---
  Renaming obs index from 'exp_component_name' to 'cell_id'
  Renaming var index from 'None' to 'var_id'
  Saving standardized file...
  ERROR processing file: Could not find dataset for raw X in file: /scratch/sigbio_project_root/sigbio_project25/jingqiao/mccell-singleseq/1a974af7-8b4b-4abb-8aba-23e2979d9518.h5ad.
--- Processing fa554686-fc07-44dd-b2de-b726d82d26ec.h5ad ---
  Renaming obs index from 'CellID' to 'cell_id'
  Renaming var index from 'None' to 'var_id'
  Saving standardized file...
  Done.
--- Processing ecd9230d-c571-4dab-abd3-8b54c74833f0.h5ad ---
  Renaming obs index from 'CellID' to 'cell_id'
  Renaming var index from 'None' to 'var_id'
  Saving standardized file...
  Done.
--- Processing e2a325e2-5633-4950-ae46-ebff70979e3b.h5ad ---
  Renaming obs index from 'exp_component_name' to 'cell_id'
  Renaming var index from 'None' to 'var_id'
  Saving standardized file...
  ERROR processing file: Could not find dataset for raw X in file: /scratch/sigbio_project_root/sigbio_project25/jingqiao/mccell-singleseq/e2a325e2-5633-4950-ae46-ebff70979e3b.h5ad.
--- Processing cda2c8cd-be1c-42e5-b2cd-162caa1c4ce7.h5ad ---
  Renaming obs index from 'barcodes' to 'cell_id'
  Renaming var index from 'None' to 'var_id'
  Saving standardized file...
  ERROR processing file: Could not find dataset for raw X in file: /scratch/sigbio_project_root/sigbio_project25/jingqiao/mccell-singleseq/cda2c8cd-be1c-42e5-b2cd-162caa1c4ce7.h5ad.
--- Processing d8da613f-e681-4c69-b463-e94f5e66847f.h5ad ---
  Renaming obs index from 'NAME' to 'cell_id'
  Renaming var index from 'None' to 'var_id'
  Saving standardized file...
  ERROR processing file: Could not find dataset for raw X in file: /scratch/sigbio_project_root/sigbio_project25/jingqiao/mccell-singleseq/d8da613f-e681-4c69-b463-e94f5e66847f.h5ad.
--- Processing 31f04740-c712-4c4b-a3f8-55c0506b3034.h5ad ---
  Renaming obs index from 'CellID' to 'cell_id'
  Renaming var index from 'None' to 'var_id'
  Saving standardized file...
  Done.
--- Processing ecce9688-66ea-4600-98f7-84aed7421c01.h5ad ---
  Renaming obs index from 'None' to 'cell_id'
  Renaming var index from 'None' to 'var_id'
  Saving standardized file...
  ERROR processing file: Could not find dataset for raw X in file: /scratch/sigbio_project_root/sigbio_project25/jingqiao/mccell-singleseq/ecce9688-66ea-4600-98f7-84aed7421c01.h5ad.
--- Processing f9cfac8d-bff6-47a2-a1f6-503827d375f5.h5ad ---
  Renaming obs index from 'exp_component_name' to 'cell_id'
  Renaming var index from 'None' to 'var_id'
  Saving standardized file...
  ERROR processing file: Could not find dataset for raw X in file: /scratch/sigbio_project_root/sigbio_project25/jingqiao/mccell-singleseq/f9cfac8d-bff6-47a2-a1f6-503827d375f5.h5ad.
--- Processing a19b218b-1c0a-4618-b41f-7c216c623ec6.h5ad ---
  Renaming obs index from 'CellID' to 'cell_id'
  Renaming var index from 'None' to 'var_id'
  Saving standardized file...
  Done.
--- Processing 07760522-707a-4a1c-8891-dbd1226d6b27.h5ad ---
  Renaming obs index from 'index' to 'cell_id'
  Renaming var index from 'None' to 'var_id'
  Saving standardized file...
  Done.
--- Processing 4e374783-0152-423e-bcb6-b87cc232f64d.h5ad ---
  Renaming obs index from 'exp_component_name' to 'cell_id'
  Renaming var index from 'None' to 'var_id'
  Saving standardized file...
  ERROR processing file: Could not find dataset for raw X in file: /scratch/sigbio_project_root/sigbio_project25/jingqiao/mccell-singleseq/4e374783-0152-423e-bcb6-b87cc232f64d.h5ad.
--- Processing 7b75b2c4-6d99-40be-9a61-391455d859e6.h5ad ---
  Renaming obs index from 'None' to 'cell_id'
  Renaming var index from 'None' to 'var_id'
  Saving standardized file...
  ERROR processing file: Could not find dataset for raw X in file: /scratch/sigbio_project_root/sigbio_project25/jingqiao/mccell-singleseq/7b75b2c4-6d99-40be-9a61-391455d859e6.h5ad.
--- Processing 00476f9f-ebc1-4b72-b541-32f912ce36ea.h5ad ---
  Renaming obs index from 'CellID' to 'cell_id'
  Renaming var index from 'None' to 'var_id'
  Saving standardized file...
  Done.
--- Processing 856c1b98-5727-49da-bf0f-151bdb8cb056.h5ad ---
  Renaming obs index from 'index' to 'cell_id'
  Renaming var index from 'None' to 'var_id'
  Saving standardized file...
  Done.
--- Processing 3f56901c-dd4a-47d6-b60b-7b0c0111cfb2.h5ad ---
  Renaming obs index from 'CellID' to 'cell_id'
  Renaming var index from 'None' to 'var_id'
  Saving standardized file...
  Done.
--- Processing 7f7faf6b-f11d-4f07-bc1c-188a4472748d.h5ad ---
  Renaming obs index from 'None' to 'cell_id'
  Renaming var index from 'None' to 'var_id'
  Saving standardized file...
  ERROR processing file: Could not find dataset for raw X in file: /scratch/sigbio_project_root/sigbio_project25/jingqiao/mccell-singleseq/7f7faf6b-f11d-4f07-bc1c-188a4472748d.h5ad.
--- Processing c2aad8fc-b63b-4f9b-9cfd-baf7bc9c1771.h5ad ---
  Renaming obs index from 'CellID' to 'cell_id'
  Renaming var index from 'None' to 'var_id'
  Saving standardized file...
  Done.
--- Processing 3b8b5de4-3aa1-4ac6-8890-8d03c8219981.h5ad ---
  Renaming obs index from 'barcode' to 'cell_id'
  Renaming var index from 'None' to 'var_id'
  Saving standardized file...
  ERROR processing file: Could not find dataset for raw X in file: /scratch/sigbio_project_root/sigbio_project25/jingqiao/mccell-singleseq/3b8b5de4-3aa1-4ac6-8890-8d03c8219981.h5ad.
--- Processing 639ffc23-14db-4060-9027-3c90314200f8.h5ad ---
  Renaming obs index from 'CellID' to 'cell_id'
  Renaming var index from 'None' to 'var_id'
  Saving standardized file...
  Done.
--- Processing 364348b4-bc34-4fe1-a851-60d99e36cafa.h5ad ---
  Renaming obs index from 'CellID' to 'cell_id'
  Renaming var index from 'None' to 'var_id'
  Saving standardized file...
  Done.
--- Processing f5be4b96-f5a3-4c3d-84ac-6f69daf744d5.h5ad ---
  Renaming obs index from 'index' to 'cell_id'
  Renaming var index from 'None' to 'var_id'
  Saving standardized file...
  Done.
--- Processing d7f5d8d0-6150-48d7-b094-c34286ad11a1.h5ad ---
  ERROR processing file: Unable to synchronously open file (truncated file: eof = 715025973, sblock->base_addr = 0, stored_eof = 20008720873)
--- Processing c893ddc3-f25b-45e2-8c9e-155918b4261c.h5ad ---
  Renaming obs index from 'None' to 'cell_id'
  Renaming var index from 'None' to 'var_id'
  Saving standardized file...
  Done.
--- Processing 14363b6e-3428-45b0-8704-10fd5d6316df.h5ad ---
  Renaming obs index from 'None' to 'cell_id'
  Renaming var index from 'ensembl_id' to 'var_id'
  Saving standardized file...
  ERROR processing file: Could not find dataset for raw X in file: /scratch/sigbio_project_root/sigbio_project25/jingqiao/mccell-singleseq/14363b6e-3428-45b0-8704-10fd5d6316df.h5ad.
--- Processing 3966ba97-beb8-4d0b-9954-d3775cd2cd61.h5ad ---
  Renaming obs index from 'None' to 'cell_id'
  Renaming var index from 'None' to 'var_id'
  Saving standardized file...
  ERROR processing file: Could not find dataset for raw X in file: /scratch/sigbio_project_root/sigbio_project25/jingqiao/mccell-singleseq/3966ba97-beb8-4d0b-9954-d3775cd2cd61.h5ad.
--- Processing 8f4f8502-9170-4ac2-9707-3b6985ebfe5f.h5ad ---
  Renaming obs index from 'None' to 'cell_id'
  Renaming var index from 'gene_ids' to 'var_id'
  Saving standardized file...
  ERROR processing file: Could not find dataset for raw X in file: /scratch/sigbio_project_root/sigbio_project25/jingqiao/mccell-singleseq/8f4f8502-9170-4ac2-9707-3b6985ebfe5f.h5ad.
--- Processing 51f476f7-b24d-42f3-8871-7dab3fa35e96.h5ad ---
  Renaming obs index from 'index' to 'cell_id'
  Renaming var index from 'None' to 'var_id'
  Saving standardized file...
  ERROR processing file: Could not find dataset for raw X in file: /scratch/sigbio_project_root/sigbio_project25/jingqiao/mccell-singleseq/51f476f7-b24d-42f3-8871-7dab3fa35e96.h5ad.
--- Processing 65badd7a-9262-4fd1-9ce2-eb5dc0ca8039.h5ad ---
  Renaming obs index from 'None' to 'cell_id'
  Renaming var index from 'None' to 'var_id'
  Saving standardized file...
  ERROR processing file: Could not find dataset for raw X in file: /scratch/sigbio_project_root/sigbio_project25/jingqiao/mccell-singleseq/65badd7a-9262-4fd1-9ce2-eb5dc0ca8039.h5ad.
--- Processing 0ba636a1-4754-4786-a8be-7ab3cf760fd6.h5ad ---
  Renaming obs index from 'cellID' to 'cell_id'
  Renaming var index from 'None' to 'var_id'
  Saving standardized file...
  ERROR processing file: Could not find dataset for raw X in file: /scratch/sigbio_project_root/sigbio_project25/jingqiao/mccell-singleseq/0ba636a1-4754-4786-a8be-7ab3cf760fd6.h5ad.
--- Processing 0bae7ebf-eb54-46a6-be9a-3461cecefa4c.h5ad ---
  Renaming obs index from 'None' to 'cell_id'
  Renaming var index from 'gene_ids' to 'var_id'
  Saving standardized file...
  ERROR processing file: Could not find dataset for raw X in file: /scratch/sigbio_project_root/sigbio_project25/jingqiao/mccell-singleseq/0bae7ebf-eb54-46a6-be9a-3461cecefa4c.h5ad.
--- Processing db59611b-42de-4035-93aa-1ed39f38b467.h5ad ---
  Renaming obs index from 'index' to 'cell_id'
  Renaming var index from 'None' to 'var_id'
  Saving standardized file...
  ERROR processing file: Could not find dataset for raw X in file: /scratch/sigbio_project_root/sigbio_project25/jingqiao/mccell-singleseq/db59611b-42de-4035-93aa-1ed39f38b467.h5ad.
--- Processing 574e9f9e-f8b4-41ef-bf19-89a9964fd9c7.h5ad ---
  Renaming obs index from 'None' to 'cell_id'
  Renaming var index from 'None' to 'var_id'
  Saving standardized file...
  ERROR processing file: Could not find dataset for raw X in file: /scratch/sigbio_project_root/sigbio_project25/jingqiao/mccell-singleseq/574e9f9e-f8b4-41ef-bf19-89a9964fd9c7.h5ad.
--- Processing 5bc23cb2-8cfc-4960-bab1-c3027fbeefc4.h5ad ---
  Renaming obs index from 'CellID' to 'cell_id'
  Renaming var index from 'None' to 'var_id'
  Saving standardized file...
  Done.
--- Processing 2f7230e7-4706-4924-b571-473fc1e52c30.h5ad ---
  Renaming obs index from 'index' to 'cell_id'
  Renaming var index from 'None' to 'var_id'
  Saving standardized file...
  ERROR processing file: Could not find dataset for raw X in file: /scratch/sigbio_project_root/sigbio_project25/jingqiao/mccell-singleseq/2f7230e7-4706-4924-b571-473fc1e52c30.h5ad.
--- Processing 9dbab10c-118d-496b-966a-67f1763a6b7d.h5ad ---
  Renaming obs index from 'None' to 'cell_id'
  Renaming var index from 'None' to 'var_id'
  Saving standardized file...
  ERROR processing file: Could not find dataset for raw X in file: /scratch/sigbio_project_root/sigbio_project25/jingqiao/mccell-singleseq/9dbab10c-118d-496b-966a-67f1763a6b7d.h5ad.
--- Processing 1b9d8702-5af8-4142-85ed-020eb06ec4f6.h5ad ---
  Renaming obs index from 'None' to 'cell_id'
  Renaming var index from 'None' to 'var_id'
  Saving standardized file...
  ERROR processing file: Could not find dataset for raw X in file: /scratch/sigbio_project_root/sigbio_project25/jingqiao/mccell-singleseq/1b9d8702-5af8-4142-85ed-020eb06ec4f6.h5ad.
--- Processing 6929d6d1-6f81-44d7-bd35-5a580259af81.h5ad ---
  Renaming obs index from 'exp_component_name' to 'cell_id'
  Renaming var index from 'None' to 'var_id'
  Saving standardized file...
  ERROR processing file: Could not find dataset for raw X in file: /scratch/sigbio_project_root/sigbio_project25/jingqiao/mccell-singleseq/6929d6d1-6f81-44d7-bd35-5a580259af81.h5ad.
--- Processing a4116666-d295-4443-a174-0acc283f92c4.h5ad ---
  Renaming obs index from 'CellID' to 'cell_id'
  Renaming var index from 'None' to 'var_id'
  Saving standardized file...
  Done.
--- Processing d18736c3-6292-4379-919a-d6d973204c87.h5ad ---
  Renaming obs index from 'barcodes' to 'cell_id'
  Renaming var index from 'None' to 'var_id'
  Saving standardized file...
  ERROR processing file: Could not find dataset for raw X in file: /scratch/sigbio_project_root/sigbio_project25/jingqiao/mccell-singleseq/d18736c3-6292-4379-919a-d6d973204c87.h5ad.
--- Processing dea717d4-7bc0-4e46-950f-fd7e1cc8df7d.h5ad ---
  Renaming obs index from 'None' to 'cell_id'
  Renaming var index from 'None' to 'var_id'
  Saving standardized file...
  ERROR processing file: Could not find dataset for raw X in file: /scratch/sigbio_project_root/sigbio_project25/jingqiao/mccell-singleseq/dea717d4-7bc0-4e46-950f-fd7e1cc8df7d.h5ad.
--- Processing 093d3bfe-6f0f-4ac0-a7a1-829f94d0a49f.h5ad ---
  Renaming obs index from 'index' to 'cell_id'
  Renaming var index from 'None' to 'var_id'
  Saving standardized file...
  ERROR processing file: Could not find dataset for raw X in file: /scratch/sigbio_project_root/sigbio_project25/jingqiao/mccell-singleseq/093d3bfe-6f0f-4ac0-a7a1-829f94d0a49f.h5ad.
--- Processing 019c7af2-c827-4454-9970-44d5e39ce068.h5ad ---
  Renaming obs index from 'None' to 'cell_id'
  Renaming var index from 'None' to 'var_id'
  Saving standardized file...
  ERROR processing file: Could not find dataset for raw X in file: /scratch/sigbio_project_root/sigbio_project25/jingqiao/mccell-singleseq/019c7af2-c827-4454-9970-44d5e39ce068.h5ad.
--- Processing 4a5b00e0-1ba3-4fd4-af89-d3512eb20720.h5ad ---
  Renaming obs index from 'None' to 'cell_id'
  Renaming var index from 'ensembl_id' to 'var_id'
  Saving standardized file...
  Done.
--- Processing 8039c63d-08b0-4fc9-af0f-5b57f08ca0da.h5ad ---
  Renaming obs index from 'CellID' to 'cell_id'
  Renaming var index from 'None' to 'var_id'
  Saving standardized file...
  Done.
--- Processing 367b55f4-d543-49aa-90e8-4765fcb8c687.h5ad ---
  Renaming obs index from 'CellID' to 'cell_id'
  Renaming var index from 'None' to 'var_id'
  Saving standardized file...
  Done.
--- Processing 9c1b5626-58df-4401-ae7b-f66d068c1551.h5ad ---
  Renaming obs index from 'None' to 'cell_id'
  Renaming var index from 'Ensemble_ID' to 'var_id'
  Saving standardized file...
  ERROR processing file: Could not find dataset for raw X in file: /scratch/sigbio_project_root/sigbio_project25/jingqiao/mccell-singleseq/9c1b5626-58df-4401-ae7b-f66d068c1551.h5ad.
--- Processing 4859642c-d155-437b-adf5-83ca6c1bef67.h5ad ---
  Renaming obs index from 'exp_component_name' to 'cell_id'
  Renaming var index from 'None' to 'var_id'
  Saving standardized file...
  ERROR processing file: Could not find dataset for raw X in file: /scratch/sigbio_project_root/sigbio_project25/jingqiao/mccell-singleseq/4859642c-d155-437b-adf5-83ca6c1bef67.h5ad.
--- Processing e5f5d954-cf0e-4bd8-9346-8d1ddf15a08b.h5ad ---
  Renaming obs index from 'index' to 'cell_id'
  Renaming var index from 'None' to 'var_id'
  Saving standardized file...
  ERROR processing file: Could not find dataset for raw X in file: /scratch/sigbio_project_root/sigbio_project25/jingqiao/mccell-singleseq/e5f5d954-cf0e-4bd8-9346-8d1ddf15a08b.h5ad.
--- Processing f6d9f2ad-5ec7-4d53-b7f0-ceb0e7bcd181.h5ad ---
  Renaming obs index from 'CellID' to 'cell_id'
  Renaming var index from 'None' to 'var_id'
  Saving standardized file...
  Done.
--- Processing c5cfa2b7-abb1-4a50-908f-707b54ca606b.h5ad ---
  Renaming obs index from 'CellID' to 'cell_id'
  Renaming var index from 'None' to 'var_id'
  Saving standardized file...
  Done.
--- Processing d1207c81-7309-43a7-a5a0-f4283670b62b.h5ad ---
  Renaming obs index from 'None' to 'cell_id'
  Renaming var index from 'None' to 'var_id'
  Saving standardized file...
  ERROR processing file: Could not find dataset for raw X in file: /scratch/sigbio_project_root/sigbio_project25/jingqiao/mccell-singleseq/d1207c81-7309-43a7-a5a0-f4283670b62b.h5ad.
--- Processing 5e7fff82-b8eb-4220-bf65-c6feb6765ea1.h5ad ---
  Renaming obs index from 'exp_component_name' to 'cell_id'
  Renaming var index from 'None' to 'var_id'
  Saving standardized file...
  ERROR processing file: Could not find dataset for raw X in file: /scratch/sigbio_project_root/sigbio_project25/jingqiao/mccell-singleseq/5e7fff82-b8eb-4220-bf65-c6feb6765ea1.h5ad.
--- Processing d288b10a-643e-44bd-b451-96e9588b2ee5.h5ad ---
  Renaming obs index from 'CellID' to 'cell_id'
  Renaming var index from 'None' to 'var_id'
  Saving standardized file...
  Done.
--- Processing 5ce42b38-d867-487f-9b40-e8bb00b21d0b.h5ad ---
  Renaming var index from 'None' to 'var_id'
  Saving standardized file...
  ERROR processing file: Could not find dataset for raw X in file: /scratch/sigbio_project_root/sigbio_project25/jingqiao/mccell-singleseq/5ce42b38-d867-487f-9b40-e8bb00b21d0b.h5ad.
--- Processing dea1aa78-c0a2-413f-b375-f91cce49e4d0.h5ad ---
  Renaming obs index from 'index' to 'cell_id'
  Renaming var index from 'None' to 'var_id'
  Saving standardized file...
  Done.
--- Processing d9f3a82c-24bb-4277-b715-8ec92a33dd32.h5ad ---
  Renaming obs index from 'None' to 'cell_id'
  Renaming var index from 'ensembl_id' to 'var_id'
  Saving standardized file...
  Done.
--- Processing 0436a180-cb44-47ba-8ffa-807b7a468469.h5ad ---
  Renaming obs index from 'None' to 'cell_id'
  Renaming var index from 'None' to 'var_id'
  Saving standardized file...
  ERROR processing file: Could not find dataset for raw X in file: /scratch/sigbio_project_root/sigbio_project25/jingqiao/mccell-singleseq/0436a180-cb44-47ba-8ffa-807b7a468469.h5ad.
--- Processing 03d38670-1444-4001-bc53-9936e61d9b20.h5ad ---
  Renaming obs index from 'CellID' to 'cell_id'
  Renaming var index from 'None' to 'var_id'
  Saving standardized file...
  Done.
--- Processing 9d5df009-eb76-43a3-b6cd-22017cc53700.h5ad ---
  Renaming obs index from 'None' to 'cell_id'
  Renaming var index from 'None' to 'var_id'
  Saving standardized file...
  ERROR processing file: Could not find dataset for raw X in file: /scratch/sigbio_project_root/sigbio_project25/jingqiao/mccell-singleseq/9d5df009-eb76-43a3-b6cd-22017cc53700.h5ad.
--- Processing 7cd3c321-e487-4b51-a8af-9bf671b59fe5.h5ad ---
  Renaming obs index from 'CellID' to 'cell_id'
  Renaming var index from 'None' to 'var_id'
  Saving standardized file...
  Done.
--- Processing 07b1d7c8-5c2e-42f7-9246-26f746cd6013.h5ad ---
  Renaming obs index from 'CellID' to 'cell_id'
  Renaming var index from 'None' to 'var_id'
  Saving standardized file...
  Done.

Standardization process complete.
Job finished at Fri Sep  5 15:14:51 EDT 2025
